INFO [2024-05-18 07:02:16] $x
INFO [2024-05-18 07:02:16] all.single.tool
INFO [2024-05-18 07:02:16] 
INFO [2024-05-18 07:02:16] $filename
INFO [2024-05-18 07:02:16] NULL
INFO [2024-05-18 07:02:16] 
INFO [2024-05-18 07:02:16] $main
INFO [2024-05-18 07:02:16] paste0(tissue, "( #jxns = ", n_jxns, " )")
INFO [2024-05-18 07:02:16] 
INFO [2024-05-18 07:02:16] $main.pos
INFO [2024-05-18 07:02:16] c(0.5, 1.05)
INFO [2024-05-18 07:02:16] 
INFO [2024-05-18 07:02:16] $cex
INFO [2024-05-18 07:02:16] [1] 1
INFO [2024-05-18 07:02:16] 
INFO [2024-05-18 07:02:16] $lwd
INFO [2024-05-18 07:02:16] [1] 1
INFO [2024-05-18 07:02:16] 
INFO [2024-05-18 07:02:16] $margin
INFO [2024-05-18 07:02:16] [1] 0.1
INFO [2024-05-18 07:02:16] 
INFO [2024-05-18 07:02:16] $label.col
INFO [2024-05-18 07:02:16] [1] "black"
INFO [2024-05-18 07:02:16] 
INFO [2024-05-18 07:02:16] [[9]]
INFO [2024-05-18 07:02:16] 
INFO [2024-05-18 07:02:16] 
