INFO [2024-05-18 19:44:13] $x
INFO [2024-05-18 19:44:13] all.single.tool
INFO [2024-05-18 19:44:13] 
INFO [2024-05-18 19:44:13] $filename
INFO [2024-05-18 19:44:13] NULL
INFO [2024-05-18 19:44:13] 
INFO [2024-05-18 19:44:13] $cex
INFO [2024-05-18 19:44:13] [1] 1
INFO [2024-05-18 19:44:13] 
INFO [2024-05-18 19:44:13] $lwd
INFO [2024-05-18 19:44:13] [1] 1
INFO [2024-05-18 19:44:13] 
INFO [2024-05-18 19:44:13] $margin
INFO [2024-05-18 19:44:13] [1] 0.1
INFO [2024-05-18 19:44:13] 
INFO [2024-05-18 19:44:13] $label.col
INFO [2024-05-18 19:44:13] [1] "black"
INFO [2024-05-18 19:44:13] 
INFO [2024-05-18 19:44:13] $fill
INFO [2024-05-18 19:44:13] colors
INFO [2024-05-18 19:44:13] 
INFO [2024-05-18 19:44:13] $cat.dist
INFO [2024-05-18 19:44:13] rep(0.1, length(names(all.single.tool)))
INFO [2024-05-18 19:44:13] 
