INFO [2024-05-18 07:29:54] $x
INFO [2024-05-18 07:29:54] all.single.tool
INFO [2024-05-18 07:29:54] 
INFO [2024-05-18 07:29:54] $filename
INFO [2024-05-18 07:29:54] NULL
INFO [2024-05-18 07:29:54] 
INFO [2024-05-18 07:29:54] $cex
INFO [2024-05-18 07:29:54] [1] 1
INFO [2024-05-18 07:29:54] 
INFO [2024-05-18 07:29:54] $lwd
INFO [2024-05-18 07:29:54] [1] 1
INFO [2024-05-18 07:29:54] 
INFO [2024-05-18 07:29:54] $margin
INFO [2024-05-18 07:29:54] [1] 0.1
INFO [2024-05-18 07:29:54] 
INFO [2024-05-18 07:29:54] $label.col
INFO [2024-05-18 07:29:54] [1] "black"
INFO [2024-05-18 07:29:54] 
INFO [2024-05-18 07:29:54] $fill
INFO [2024-05-18 07:29:54] colors
INFO [2024-05-18 07:29:54] 
INFO [2024-05-18 07:29:54] $cat.dist
INFO [2024-05-18 07:29:54] rep(0.1, length(names(all.single.tool)))
INFO [2024-05-18 07:29:54] 
