INFO [2024-05-18 19:44:02] $x
INFO [2024-05-18 19:44:02] all.single.tool
INFO [2024-05-18 19:44:02] 
INFO [2024-05-18 19:44:02] $filename
INFO [2024-05-18 19:44:02] NULL
INFO [2024-05-18 19:44:02] 
INFO [2024-05-18 19:44:02] $cex
INFO [2024-05-18 19:44:02] [1] 1
INFO [2024-05-18 19:44:02] 
INFO [2024-05-18 19:44:02] $lwd
INFO [2024-05-18 19:44:02] [1] 1
INFO [2024-05-18 19:44:02] 
INFO [2024-05-18 19:44:02] $margin
INFO [2024-05-18 19:44:02] [1] 0.1
INFO [2024-05-18 19:44:02] 
INFO [2024-05-18 19:44:02] $label.col
INFO [2024-05-18 19:44:02] [1] "black"
INFO [2024-05-18 19:44:02] 
INFO [2024-05-18 19:44:02] $fill
INFO [2024-05-18 19:44:02] colors
INFO [2024-05-18 19:44:02] 
INFO [2024-05-18 19:44:02] $cat.dist
INFO [2024-05-18 19:44:02] rep(0.1, length(names(all.single.tool)))
INFO [2024-05-18 19:44:02] 
