INFO [2024-05-18 07:25:07] $x
INFO [2024-05-18 07:25:07] all.single.tool
INFO [2024-05-18 07:25:07] 
INFO [2024-05-18 07:25:07] $filename
INFO [2024-05-18 07:25:07] NULL
INFO [2024-05-18 07:25:07] 
INFO [2024-05-18 07:25:07] $cex
INFO [2024-05-18 07:25:07] [1] 1
INFO [2024-05-18 07:25:07] 
INFO [2024-05-18 07:25:07] $lwd
INFO [2024-05-18 07:25:07] [1] 1
INFO [2024-05-18 07:25:07] 
INFO [2024-05-18 07:25:07] $margin
INFO [2024-05-18 07:25:07] [1] 0.1
INFO [2024-05-18 07:25:07] 
INFO [2024-05-18 07:25:07] $label.col
INFO [2024-05-18 07:25:07] [1] "black"
INFO [2024-05-18 07:25:07] 
INFO [2024-05-18 07:25:07] $fill
INFO [2024-05-18 07:25:07] colors
INFO [2024-05-18 07:25:07] 
INFO [2024-05-18 07:25:07] [[8]]
INFO [2024-05-18 07:25:07] 
INFO [2024-05-18 07:25:07] 
