INFO [2024-05-18 07:03:29] $x
INFO [2024-05-18 07:03:29] all.single.tool
INFO [2024-05-18 07:03:29] 
INFO [2024-05-18 07:03:29] $filename
INFO [2024-05-18 07:03:29] NULL
INFO [2024-05-18 07:03:29] 
INFO [2024-05-18 07:03:29] $main
INFO [2024-05-18 07:03:29] paste0(tissue, "( #jxns = ", n_jxns, " )")
INFO [2024-05-18 07:03:29] 
INFO [2024-05-18 07:03:29] $main.pos
INFO [2024-05-18 07:03:29] c(0.5, 1.05)
INFO [2024-05-18 07:03:29] 
INFO [2024-05-18 07:03:29] $cex
INFO [2024-05-18 07:03:29] [1] 1
INFO [2024-05-18 07:03:29] 
INFO [2024-05-18 07:03:29] $lwd
INFO [2024-05-18 07:03:29] [1] 1
INFO [2024-05-18 07:03:29] 
INFO [2024-05-18 07:03:29] $margin
INFO [2024-05-18 07:03:29] [1] 0.1
INFO [2024-05-18 07:03:29] 
INFO [2024-05-18 07:03:29] $label.col
INFO [2024-05-18 07:03:29] [1] "black"
INFO [2024-05-18 07:03:29] 
INFO [2024-05-18 07:03:29] [[9]]
INFO [2024-05-18 07:03:29] 
INFO [2024-05-18 07:03:29] 
