INFO [2024-05-18 07:22:24] $x
INFO [2024-05-18 07:22:24] all.single.tool
INFO [2024-05-18 07:22:24] 
INFO [2024-05-18 07:22:24] $filename
INFO [2024-05-18 07:22:24] NULL
INFO [2024-05-18 07:22:24] 
INFO [2024-05-18 07:22:24] $cex
INFO [2024-05-18 07:22:24] [1] 1
INFO [2024-05-18 07:22:24] 
INFO [2024-05-18 07:22:24] $lwd
INFO [2024-05-18 07:22:24] [1] 1
INFO [2024-05-18 07:22:24] 
INFO [2024-05-18 07:22:24] $margin
INFO [2024-05-18 07:22:24] [1] 0.1
INFO [2024-05-18 07:22:24] 
INFO [2024-05-18 07:22:24] $label.col
INFO [2024-05-18 07:22:24] [1] "black"
INFO [2024-05-18 07:22:24] 
INFO [2024-05-18 07:22:24] $fill
INFO [2024-05-18 07:22:24] col
INFO [2024-05-18 07:22:24] 
INFO [2024-05-18 07:22:24] [[8]]
INFO [2024-05-18 07:22:24] 
INFO [2024-05-18 07:22:24] 
