INFO [2024-05-18 07:04:59] $x
INFO [2024-05-18 07:04:59] all.single.tool
INFO [2024-05-18 07:04:59] 
INFO [2024-05-18 07:04:59] $filename
INFO [2024-05-18 07:04:59] NULL
INFO [2024-05-18 07:04:59] 
INFO [2024-05-18 07:04:59] $main
INFO [2024-05-18 07:04:59] paste0(tissue, "( #jxns = ", n_jxns, " )")
INFO [2024-05-18 07:04:59] 
INFO [2024-05-18 07:04:59] $main.pos
INFO [2024-05-18 07:04:59] c(0.5, 1.05)
INFO [2024-05-18 07:04:59] 
INFO [2024-05-18 07:04:59] $cex
INFO [2024-05-18 07:04:59] [1] 1
INFO [2024-05-18 07:04:59] 
INFO [2024-05-18 07:04:59] $lwd
INFO [2024-05-18 07:04:59] [1] 1
INFO [2024-05-18 07:04:59] 
INFO [2024-05-18 07:04:59] $margin
INFO [2024-05-18 07:04:59] [1] 0.1
INFO [2024-05-18 07:04:59] 
INFO [2024-05-18 07:04:59] $label.col
INFO [2024-05-18 07:04:59] [1] "black"
INFO [2024-05-18 07:04:59] 
INFO [2024-05-18 07:04:59] [[9]]
INFO [2024-05-18 07:04:59] 
INFO [2024-05-18 07:04:59] 
