INFO [2024-05-18 07:03:53] $x
INFO [2024-05-18 07:03:53] all.single.tool
INFO [2024-05-18 07:03:53] 
INFO [2024-05-18 07:03:53] $filename
INFO [2024-05-18 07:03:53] NULL
INFO [2024-05-18 07:03:53] 
INFO [2024-05-18 07:03:53] $main
INFO [2024-05-18 07:03:53] paste0(tissue, "( #jxns = ", n_jxns, " )")
INFO [2024-05-18 07:03:53] 
INFO [2024-05-18 07:03:53] $main.pos
INFO [2024-05-18 07:03:53] c(0.5, 1.05)
INFO [2024-05-18 07:03:53] 
INFO [2024-05-18 07:03:53] $cex
INFO [2024-05-18 07:03:53] [1] 1
INFO [2024-05-18 07:03:53] 
INFO [2024-05-18 07:03:53] $lwd
INFO [2024-05-18 07:03:53] [1] 1
INFO [2024-05-18 07:03:53] 
INFO [2024-05-18 07:03:53] $margin
INFO [2024-05-18 07:03:53] [1] 0.1
INFO [2024-05-18 07:03:53] 
INFO [2024-05-18 07:03:53] $label.col
INFO [2024-05-18 07:03:53] [1] "black"
INFO [2024-05-18 07:03:53] 
INFO [2024-05-18 07:03:53] [[9]]
INFO [2024-05-18 07:03:53] 
INFO [2024-05-18 07:03:53] 
