INFO [2024-05-18 07:13:42] $x
INFO [2024-05-18 07:13:42] all.single.tool
INFO [2024-05-18 07:13:42] 
INFO [2024-05-18 07:13:42] $filename
INFO [2024-05-18 07:13:42] NULL
INFO [2024-05-18 07:13:42] 
INFO [2024-05-18 07:13:42] $main
INFO [2024-05-18 07:13:42] paste0(tissue, "( #jxns = ", n_jxns, " )")
INFO [2024-05-18 07:13:42] 
INFO [2024-05-18 07:13:42] $main.pos
INFO [2024-05-18 07:13:42] c(0.5, 0.1)
INFO [2024-05-18 07:13:42] 
INFO [2024-05-18 07:13:42] $cex
INFO [2024-05-18 07:13:42] [1] 1
INFO [2024-05-18 07:13:42] 
INFO [2024-05-18 07:13:42] $lwd
INFO [2024-05-18 07:13:42] [1] 1
INFO [2024-05-18 07:13:42] 
INFO [2024-05-18 07:13:42] $margin
INFO [2024-05-18 07:13:42] [1] 0.1
INFO [2024-05-18 07:13:42] 
INFO [2024-05-18 07:13:42] $label.col
INFO [2024-05-18 07:13:42] [1] "black"
INFO [2024-05-18 07:13:42] 
INFO [2024-05-18 07:13:42] [[9]]
INFO [2024-05-18 07:13:42] 
INFO [2024-05-18 07:13:42] 
