INFO [2024-05-18 07:29:59] $x
INFO [2024-05-18 07:29:59] all.single.tool
INFO [2024-05-18 07:29:59] 
INFO [2024-05-18 07:29:59] $filename
INFO [2024-05-18 07:29:59] NULL
INFO [2024-05-18 07:29:59] 
INFO [2024-05-18 07:29:59] $cex
INFO [2024-05-18 07:29:59] [1] 1
INFO [2024-05-18 07:29:59] 
INFO [2024-05-18 07:29:59] $lwd
INFO [2024-05-18 07:29:59] [1] 1
INFO [2024-05-18 07:29:59] 
INFO [2024-05-18 07:29:59] $margin
INFO [2024-05-18 07:29:59] [1] 0.1
INFO [2024-05-18 07:29:59] 
INFO [2024-05-18 07:29:59] $label.col
INFO [2024-05-18 07:29:59] [1] "black"
INFO [2024-05-18 07:29:59] 
INFO [2024-05-18 07:29:59] $fill
INFO [2024-05-18 07:29:59] colors
INFO [2024-05-18 07:29:59] 
INFO [2024-05-18 07:29:59] $cat.dist
INFO [2024-05-18 07:29:59] rep(0.1, length(names(all.single.tool)))
INFO [2024-05-18 07:29:59] 
