INFO [2024-05-18 07:25:21] $x
INFO [2024-05-18 07:25:21] all.single.tool
INFO [2024-05-18 07:25:21] 
INFO [2024-05-18 07:25:21] $filename
INFO [2024-05-18 07:25:21] NULL
INFO [2024-05-18 07:25:21] 
INFO [2024-05-18 07:25:21] $cex
INFO [2024-05-18 07:25:21] [1] 1
INFO [2024-05-18 07:25:21] 
INFO [2024-05-18 07:25:21] $lwd
INFO [2024-05-18 07:25:21] [1] 1
INFO [2024-05-18 07:25:21] 
INFO [2024-05-18 07:25:21] $margin
INFO [2024-05-18 07:25:21] [1] 0.1
INFO [2024-05-18 07:25:21] 
INFO [2024-05-18 07:25:21] $label.col
INFO [2024-05-18 07:25:21] [1] "black"
INFO [2024-05-18 07:25:21] 
INFO [2024-05-18 07:25:21] $fill
INFO [2024-05-18 07:25:21] colors
INFO [2024-05-18 07:25:21] 
INFO [2024-05-18 07:25:21] [[8]]
INFO [2024-05-18 07:25:21] 
INFO [2024-05-18 07:25:21] 
