INFO [2024-05-18 07:25:17] $x
INFO [2024-05-18 07:25:17] all.single.tool
INFO [2024-05-18 07:25:17] 
INFO [2024-05-18 07:25:17] $filename
INFO [2024-05-18 07:25:17] NULL
INFO [2024-05-18 07:25:17] 
INFO [2024-05-18 07:25:17] $cex
INFO [2024-05-18 07:25:17] [1] 1
INFO [2024-05-18 07:25:17] 
INFO [2024-05-18 07:25:17] $lwd
INFO [2024-05-18 07:25:17] [1] 1
INFO [2024-05-18 07:25:17] 
INFO [2024-05-18 07:25:17] $margin
INFO [2024-05-18 07:25:17] [1] 0.1
INFO [2024-05-18 07:25:17] 
INFO [2024-05-18 07:25:17] $label.col
INFO [2024-05-18 07:25:17] [1] "black"
INFO [2024-05-18 07:25:17] 
INFO [2024-05-18 07:25:17] $fill
INFO [2024-05-18 07:25:17] colors
INFO [2024-05-18 07:25:17] 
INFO [2024-05-18 07:25:17] [[8]]
INFO [2024-05-18 07:25:17] 
INFO [2024-05-18 07:25:17] 
