INFO [2024-05-18 07:22:25] $x
INFO [2024-05-18 07:22:25] all.single.tool
INFO [2024-05-18 07:22:25] 
INFO [2024-05-18 07:22:25] $filename
INFO [2024-05-18 07:22:25] NULL
INFO [2024-05-18 07:22:25] 
INFO [2024-05-18 07:22:25] $cex
INFO [2024-05-18 07:22:25] [1] 1
INFO [2024-05-18 07:22:25] 
INFO [2024-05-18 07:22:25] $lwd
INFO [2024-05-18 07:22:25] [1] 1
INFO [2024-05-18 07:22:25] 
INFO [2024-05-18 07:22:25] $margin
INFO [2024-05-18 07:22:25] [1] 0.1
INFO [2024-05-18 07:22:25] 
INFO [2024-05-18 07:22:25] $label.col
INFO [2024-05-18 07:22:25] [1] "black"
INFO [2024-05-18 07:22:25] 
INFO [2024-05-18 07:22:25] $fill
INFO [2024-05-18 07:22:25] col
INFO [2024-05-18 07:22:25] 
INFO [2024-05-18 07:22:25] [[8]]
INFO [2024-05-18 07:22:25] 
INFO [2024-05-18 07:22:25] 
