INFO [2024-05-18 07:15:02] $x
INFO [2024-05-18 07:15:02] all.single.tool
INFO [2024-05-18 07:15:02] 
INFO [2024-05-18 07:15:02] $filename
INFO [2024-05-18 07:15:02] NULL
INFO [2024-05-18 07:15:02] 
INFO [2024-05-18 07:15:02] $main
INFO [2024-05-18 07:15:02] paste0(tissue, "( #jxns = ", n_jxns, " )")
INFO [2024-05-18 07:15:02] 
INFO [2024-05-18 07:15:02] $main.pos
INFO [2024-05-18 07:15:02] c(0.5, 0.3)
INFO [2024-05-18 07:15:02] 
INFO [2024-05-18 07:15:02] $cex
INFO [2024-05-18 07:15:02] [1] 1
INFO [2024-05-18 07:15:02] 
INFO [2024-05-18 07:15:02] $lwd
INFO [2024-05-18 07:15:02] [1] 1
INFO [2024-05-18 07:15:02] 
INFO [2024-05-18 07:15:02] $margin
INFO [2024-05-18 07:15:02] [1] 0.1
INFO [2024-05-18 07:15:02] 
INFO [2024-05-18 07:15:02] $label.col
INFO [2024-05-18 07:15:02] [1] "black"
INFO [2024-05-18 07:15:02] 
INFO [2024-05-18 07:15:02] [[9]]
INFO [2024-05-18 07:15:02] 
INFO [2024-05-18 07:15:02] 
