INFO [2024-05-18 07:14:44] $x
INFO [2024-05-18 07:14:44] all.single.tool
INFO [2024-05-18 07:14:44] 
INFO [2024-05-18 07:14:44] $filename
INFO [2024-05-18 07:14:44] NULL
INFO [2024-05-18 07:14:44] 
INFO [2024-05-18 07:14:44] $main
INFO [2024-05-18 07:14:44] paste0(tissue, "( #jxns = ", n_jxns, " )")
INFO [2024-05-18 07:14:44] 
INFO [2024-05-18 07:14:44] $main.pos
INFO [2024-05-18 07:14:44] c(0.5, 0)
INFO [2024-05-18 07:14:44] 
INFO [2024-05-18 07:14:44] $cex
INFO [2024-05-18 07:14:44] [1] 1
INFO [2024-05-18 07:14:44] 
INFO [2024-05-18 07:14:44] $lwd
INFO [2024-05-18 07:14:44] [1] 1
INFO [2024-05-18 07:14:44] 
INFO [2024-05-18 07:14:44] $margin
INFO [2024-05-18 07:14:44] [1] 0.1
INFO [2024-05-18 07:14:44] 
INFO [2024-05-18 07:14:44] $label.col
INFO [2024-05-18 07:14:44] [1] "black"
INFO [2024-05-18 07:14:44] 
INFO [2024-05-18 07:14:44] [[9]]
INFO [2024-05-18 07:14:44] 
INFO [2024-05-18 07:14:44] 
