INFO [2024-05-18 21:05:28] $x
INFO [2024-05-18 21:05:28] all.single.tool
INFO [2024-05-18 21:05:28] 
INFO [2024-05-18 21:05:28] $filename
INFO [2024-05-18 21:05:28] NULL
INFO [2024-05-18 21:05:28] 
INFO [2024-05-18 21:05:28] $cex
INFO [2024-05-18 21:05:28] [1] 1
INFO [2024-05-18 21:05:28] 
INFO [2024-05-18 21:05:28] $lwd
INFO [2024-05-18 21:05:28] [1] 1
INFO [2024-05-18 21:05:28] 
INFO [2024-05-18 21:05:28] $margin
INFO [2024-05-18 21:05:28] [1] 0.1
INFO [2024-05-18 21:05:28] 
INFO [2024-05-18 21:05:28] $label.col
INFO [2024-05-18 21:05:28] [1] "black"
INFO [2024-05-18 21:05:28] 
INFO [2024-05-18 21:05:28] $fill
INFO [2024-05-18 21:05:28] colors
INFO [2024-05-18 21:05:28] 
INFO [2024-05-18 21:05:28] $cat.dist
INFO [2024-05-18 21:05:28] rep(0.1, length(names(all.single.tool)))
INFO [2024-05-18 21:05:28] 
