INFO [2024-05-18 07:16:38] $x
INFO [2024-05-18 07:16:38] all.single.tool
INFO [2024-05-18 07:16:38] 
INFO [2024-05-18 07:16:38] $filename
INFO [2024-05-18 07:16:38] NULL
INFO [2024-05-18 07:16:38] 
INFO [2024-05-18 07:16:38] $cex
INFO [2024-05-18 07:16:38] [1] 1
INFO [2024-05-18 07:16:38] 
INFO [2024-05-18 07:16:38] $lwd
INFO [2024-05-18 07:16:38] [1] 1
INFO [2024-05-18 07:16:38] 
INFO [2024-05-18 07:16:38] $margin
INFO [2024-05-18 07:16:38] [1] 0.1
INFO [2024-05-18 07:16:38] 
INFO [2024-05-18 07:16:38] $label.col
INFO [2024-05-18 07:16:38] [1] "black"
INFO [2024-05-18 07:16:38] 
INFO [2024-05-18 07:16:38] $fill
INFO [2024-05-18 07:16:38] c(sajr = "#984EA3", dje = "orange3", diego = "#5DADE2")
INFO [2024-05-18 07:16:38] 
INFO [2024-05-18 07:16:38] [[8]]
INFO [2024-05-18 07:16:38] 
INFO [2024-05-18 07:16:38] 
ERROR [2024-05-18 07:16:38] Unexpected parameter length for "fill"
