INFO [2024-05-18 07:21:59] $x
INFO [2024-05-18 07:21:59] all.single.tool
INFO [2024-05-18 07:21:59] 
INFO [2024-05-18 07:21:59] $filename
INFO [2024-05-18 07:21:59] NULL
INFO [2024-05-18 07:21:59] 
INFO [2024-05-18 07:21:59] $cex
INFO [2024-05-18 07:21:59] [1] 1
INFO [2024-05-18 07:21:59] 
INFO [2024-05-18 07:21:59] $lwd
INFO [2024-05-18 07:21:59] [1] 1
INFO [2024-05-18 07:21:59] 
INFO [2024-05-18 07:21:59] $margin
INFO [2024-05-18 07:21:59] [1] 0.1
INFO [2024-05-18 07:21:59] 
INFO [2024-05-18 07:21:59] $label.col
INFO [2024-05-18 07:21:59] [1] "black"
INFO [2024-05-18 07:21:59] 
INFO [2024-05-18 07:21:59] $fill
INFO [2024-05-18 07:21:59] col
INFO [2024-05-18 07:21:59] 
INFO [2024-05-18 07:21:59] [[8]]
INFO [2024-05-18 07:21:59] 
INFO [2024-05-18 07:21:59] 
