INFO [2024-05-18 07:22:16] $x
INFO [2024-05-18 07:22:16] all.single.tool
INFO [2024-05-18 07:22:16] 
INFO [2024-05-18 07:22:16] $filename
INFO [2024-05-18 07:22:16] NULL
INFO [2024-05-18 07:22:16] 
INFO [2024-05-18 07:22:16] $cex
INFO [2024-05-18 07:22:16] [1] 1
INFO [2024-05-18 07:22:16] 
INFO [2024-05-18 07:22:16] $lwd
INFO [2024-05-18 07:22:16] [1] 1
INFO [2024-05-18 07:22:16] 
INFO [2024-05-18 07:22:16] $margin
INFO [2024-05-18 07:22:16] [1] 0.1
INFO [2024-05-18 07:22:16] 
INFO [2024-05-18 07:22:16] $label.col
INFO [2024-05-18 07:22:16] [1] "black"
INFO [2024-05-18 07:22:16] 
INFO [2024-05-18 07:22:16] $fill
INFO [2024-05-18 07:22:16] col
INFO [2024-05-18 07:22:16] 
INFO [2024-05-18 07:22:16] [[8]]
INFO [2024-05-18 07:22:16] 
INFO [2024-05-18 07:22:16] 
