INFO [2024-05-18 07:19:29] $x
INFO [2024-05-18 07:19:29] all.single.tool
INFO [2024-05-18 07:19:29] 
INFO [2024-05-18 07:19:29] $filename
INFO [2024-05-18 07:19:29] NULL
INFO [2024-05-18 07:19:29] 
INFO [2024-05-18 07:19:29] $cex
INFO [2024-05-18 07:19:29] [1] 1
INFO [2024-05-18 07:19:29] 
INFO [2024-05-18 07:19:29] $lwd
INFO [2024-05-18 07:19:29] [1] 1
INFO [2024-05-18 07:19:29] 
INFO [2024-05-18 07:19:29] $margin
INFO [2024-05-18 07:19:29] [1] 0.1
INFO [2024-05-18 07:19:29] 
INFO [2024-05-18 07:19:29] $label.col
INFO [2024-05-18 07:19:29] [1] "black"
INFO [2024-05-18 07:19:29] 
INFO [2024-05-18 07:19:29] $fill
INFO [2024-05-18 07:19:29] c("#984EA3", "orange3", "#5DADE2", "#4DAF4A")
INFO [2024-05-18 07:19:29] 
INFO [2024-05-18 07:19:29] [[8]]
INFO [2024-05-18 07:19:29] 
INFO [2024-05-18 07:19:29] 
ERROR [2024-05-18 07:19:29] Unexpected parameter length for "fill"
