INFO [2024-05-18 07:11:55] $x
INFO [2024-05-18 07:11:55] all.single.tool
INFO [2024-05-18 07:11:55] 
INFO [2024-05-18 07:11:55] $filename
INFO [2024-05-18 07:11:55] NULL
INFO [2024-05-18 07:11:55] 
INFO [2024-05-18 07:11:55] $main
INFO [2024-05-18 07:11:55] paste0(tissue, "( #jxns = ", n_jxns, " )")
INFO [2024-05-18 07:11:55] 
INFO [2024-05-18 07:11:55] $main.pos
INFO [2024-05-18 07:11:55] c(0.5, 0)
INFO [2024-05-18 07:11:55] 
INFO [2024-05-18 07:11:55] $cex
INFO [2024-05-18 07:11:55] [1] 1
INFO [2024-05-18 07:11:55] 
INFO [2024-05-18 07:11:55] $lwd
INFO [2024-05-18 07:11:55] [1] 1
INFO [2024-05-18 07:11:55] 
INFO [2024-05-18 07:11:55] $margin
INFO [2024-05-18 07:11:55] [1] 0.1
INFO [2024-05-18 07:11:55] 
INFO [2024-05-18 07:11:55] $label.col
INFO [2024-05-18 07:11:55] [1] "black"
INFO [2024-05-18 07:11:55] 
INFO [2024-05-18 07:11:55] [[9]]
INFO [2024-05-18 07:11:55] 
INFO [2024-05-18 07:11:55] 
