INFO [2024-05-18 06:53:33] $x
INFO [2024-05-18 06:53:33] all.single.tool
INFO [2024-05-18 06:53:33] 
INFO [2024-05-18 06:53:33] $filename
INFO [2024-05-18 06:53:33] NULL
INFO [2024-05-18 06:53:33] 
INFO [2024-05-18 06:53:33] $main
INFO [2024-05-18 06:53:33] paste0(tissue, "( #jxns = ", n_jxns, " )")
INFO [2024-05-18 06:53:33] 
INFO [2024-05-18 06:53:33] $main.pos
INFO [2024-05-18 06:53:33] c(0.5, 1.05)
INFO [2024-05-18 06:53:33] 
INFO [2024-05-18 06:53:33] $cex
INFO [2024-05-18 06:53:33] [1] 1
INFO [2024-05-18 06:53:33] 
INFO [2024-05-18 06:53:33] $lwd
INFO [2024-05-18 06:53:33] [1] 1
INFO [2024-05-18 06:53:33] 
INFO [2024-05-18 06:53:33] $margin
INFO [2024-05-18 06:53:33] [1] 0.1
INFO [2024-05-18 06:53:33] 
INFO [2024-05-18 06:53:33] $label.col
INFO [2024-05-18 06:53:33] [1] "black"
INFO [2024-05-18 06:53:33] 
INFO [2024-05-18 06:53:33] $fill
INFO [2024-05-18 06:53:33] c("red", "blue", "green", "yellow")
INFO [2024-05-18 06:53:33] 
INFO [2024-05-18 06:53:33] $cat.cex
INFO [2024-05-18 06:53:33] [1] 1
INFO [2024-05-18 06:53:33] 
INFO [2024-05-18 06:53:33] $cat.pos
INFO [2024-05-18 06:53:33] c(0, 0, 180, 180)
INFO [2024-05-18 06:53:33] 
INFO [2024-05-18 06:53:33] $cat.dist
INFO [2024-05-18 06:53:33] c(0.05, 0.05, 0.05, 0.05)
INFO [2024-05-18 06:53:33] 
ERROR [2024-05-18 06:53:33] Unexpected parameter length for "fill"
