INFO [2024-05-18 20:57:41] $x
INFO [2024-05-18 20:57:41] all.single.tool
INFO [2024-05-18 20:57:41] 
INFO [2024-05-18 20:57:41] $filename
INFO [2024-05-18 20:57:41] NULL
INFO [2024-05-18 20:57:41] 
INFO [2024-05-18 20:57:41] $cex
INFO [2024-05-18 20:57:41] [1] 1
INFO [2024-05-18 20:57:41] 
INFO [2024-05-18 20:57:41] $lwd
INFO [2024-05-18 20:57:41] [1] 1
INFO [2024-05-18 20:57:41] 
INFO [2024-05-18 20:57:41] $margin
INFO [2024-05-18 20:57:41] [1] 0.1
INFO [2024-05-18 20:57:41] 
INFO [2024-05-18 20:57:41] $label.col
INFO [2024-05-18 20:57:41] [1] "black"
INFO [2024-05-18 20:57:41] 
INFO [2024-05-18 20:57:41] $fill
INFO [2024-05-18 20:57:41] colors
INFO [2024-05-18 20:57:41] 
INFO [2024-05-18 20:57:41] $cat.dist
INFO [2024-05-18 20:57:41] rep(0.1, length(names(all.single.tool)))
INFO [2024-05-18 20:57:41] 
