INFO [2024-05-18 07:13:14] $x
INFO [2024-05-18 07:13:14] all.single.tool
INFO [2024-05-18 07:13:14] 
INFO [2024-05-18 07:13:14] $filename
INFO [2024-05-18 07:13:14] NULL
INFO [2024-05-18 07:13:14] 
INFO [2024-05-18 07:13:14] $main
INFO [2024-05-18 07:13:14] paste0(tissue, "( #jxns = ", n_jxns, " )")
INFO [2024-05-18 07:13:14] 
INFO [2024-05-18 07:13:14] $main.pos
INFO [2024-05-18 07:13:14] c(0.5, 0.1)
INFO [2024-05-18 07:13:14] 
INFO [2024-05-18 07:13:14] $cex
INFO [2024-05-18 07:13:14] [1] 1
INFO [2024-05-18 07:13:14] 
INFO [2024-05-18 07:13:14] $lwd
INFO [2024-05-18 07:13:14] [1] 1
INFO [2024-05-18 07:13:14] 
INFO [2024-05-18 07:13:14] $margin
INFO [2024-05-18 07:13:14] [1] 0.1
INFO [2024-05-18 07:13:14] 
INFO [2024-05-18 07:13:14] $label.col
INFO [2024-05-18 07:13:14] [1] "black"
INFO [2024-05-18 07:13:14] 
INFO [2024-05-18 07:13:14] $cat.pos
INFO [2024-05-18 07:13:14] c(0, 0, 180, 180)
INFO [2024-05-18 07:13:14] 
INFO [2024-05-18 07:13:14] [[10]]
INFO [2024-05-18 07:13:14] 
INFO [2024-05-18 07:13:14] 
ERROR [2024-05-18 07:13:14] Unexpected parameter length for "cat.pos"
