INFO [2024-05-18 07:13:41] $x
INFO [2024-05-18 07:13:41] all.single.tool
INFO [2024-05-18 07:13:41] 
INFO [2024-05-18 07:13:41] $filename
INFO [2024-05-18 07:13:41] NULL
INFO [2024-05-18 07:13:41] 
INFO [2024-05-18 07:13:41] $main
INFO [2024-05-18 07:13:41] paste0(tissue, "( #jxns = ", n_jxns, " )")
INFO [2024-05-18 07:13:41] 
INFO [2024-05-18 07:13:41] $main.pos
INFO [2024-05-18 07:13:41] c(0.5, 0.1)
INFO [2024-05-18 07:13:41] 
INFO [2024-05-18 07:13:41] $cex
INFO [2024-05-18 07:13:41] [1] 1
INFO [2024-05-18 07:13:41] 
INFO [2024-05-18 07:13:41] $lwd
INFO [2024-05-18 07:13:41] [1] 1
INFO [2024-05-18 07:13:41] 
INFO [2024-05-18 07:13:41] $margin
INFO [2024-05-18 07:13:41] [1] 0.1
INFO [2024-05-18 07:13:41] 
INFO [2024-05-18 07:13:41] $label.col
INFO [2024-05-18 07:13:41] [1] "black"
INFO [2024-05-18 07:13:41] 
INFO [2024-05-18 07:13:41] [[9]]
INFO [2024-05-18 07:13:41] 
INFO [2024-05-18 07:13:41] 
