INFO [2024-05-18 06:55:08] $x
INFO [2024-05-18 06:55:08] all.single.tool
INFO [2024-05-18 06:55:08] 
INFO [2024-05-18 06:55:08] $filename
INFO [2024-05-18 06:55:08] NULL
INFO [2024-05-18 06:55:08] 
INFO [2024-05-18 06:55:08] $main
INFO [2024-05-18 06:55:08] paste0(tissue, "( #jxns = ", n_jxns, " )")
INFO [2024-05-18 06:55:08] 
INFO [2024-05-18 06:55:08] $main.pos
INFO [2024-05-18 06:55:08] c(0.5, 1.05)
INFO [2024-05-18 06:55:08] 
INFO [2024-05-18 06:55:08] $cex
INFO [2024-05-18 06:55:08] [1] 1
INFO [2024-05-18 06:55:08] 
INFO [2024-05-18 06:55:08] $lwd
INFO [2024-05-18 06:55:08] [1] 1
INFO [2024-05-18 06:55:08] 
INFO [2024-05-18 06:55:08] $margin
INFO [2024-05-18 06:55:08] [1] 0.1
INFO [2024-05-18 06:55:08] 
INFO [2024-05-18 06:55:08] $label.col
INFO [2024-05-18 06:55:08] [1] "black"
INFO [2024-05-18 06:55:08] 
INFO [2024-05-18 06:55:08] [[9]]
INFO [2024-05-18 06:55:08] 
INFO [2024-05-18 06:55:08] 
