INFO [2024-05-18 07:14:39] $x
INFO [2024-05-18 07:14:39] all.single.tool
INFO [2024-05-18 07:14:39] 
INFO [2024-05-18 07:14:39] $filename
INFO [2024-05-18 07:14:39] NULL
INFO [2024-05-18 07:14:39] 
INFO [2024-05-18 07:14:39] $main
INFO [2024-05-18 07:14:39] paste0(tissue, "( #jxns = ", n_jxns, " )")
INFO [2024-05-18 07:14:39] 
INFO [2024-05-18 07:14:39] $main.pos
INFO [2024-05-18 07:14:39] c(0.5, 0)
INFO [2024-05-18 07:14:39] 
INFO [2024-05-18 07:14:39] $cex
INFO [2024-05-18 07:14:39] [1] 1
INFO [2024-05-18 07:14:39] 
INFO [2024-05-18 07:14:39] $lwd
INFO [2024-05-18 07:14:39] [1] 1
INFO [2024-05-18 07:14:39] 
INFO [2024-05-18 07:14:39] $margin
INFO [2024-05-18 07:14:39] [1] 0.1
INFO [2024-05-18 07:14:39] 
INFO [2024-05-18 07:14:39] $label.col
INFO [2024-05-18 07:14:39] [1] "black"
INFO [2024-05-18 07:14:39] 
INFO [2024-05-18 07:14:39] [[9]]
INFO [2024-05-18 07:14:39] 
INFO [2024-05-18 07:14:39] 
