INFO [2024-05-18 20:56:07] $x
INFO [2024-05-18 20:56:07] all.single.tool
INFO [2024-05-18 20:56:07] 
INFO [2024-05-18 20:56:07] $filename
INFO [2024-05-18 20:56:07] NULL
INFO [2024-05-18 20:56:07] 
INFO [2024-05-18 20:56:07] $cex
INFO [2024-05-18 20:56:07] [1] 1
INFO [2024-05-18 20:56:07] 
INFO [2024-05-18 20:56:07] $lwd
INFO [2024-05-18 20:56:07] [1] 1
INFO [2024-05-18 20:56:07] 
INFO [2024-05-18 20:56:07] $margin
INFO [2024-05-18 20:56:07] [1] 0.1
INFO [2024-05-18 20:56:07] 
INFO [2024-05-18 20:56:07] $label.col
INFO [2024-05-18 20:56:07] [1] "black"
INFO [2024-05-18 20:56:07] 
INFO [2024-05-18 20:56:07] $fill
INFO [2024-05-18 20:56:07] colors
INFO [2024-05-18 20:56:07] 
INFO [2024-05-18 20:56:07] $cat.dist
INFO [2024-05-18 20:56:07] rep(0.1, length(names(all.single.tool)))
INFO [2024-05-18 20:56:07] 
