INFO [2024-05-18 07:13:46] $x
INFO [2024-05-18 07:13:46] all.single.tool
INFO [2024-05-18 07:13:46] 
INFO [2024-05-18 07:13:46] $filename
INFO [2024-05-18 07:13:46] NULL
INFO [2024-05-18 07:13:46] 
INFO [2024-05-18 07:13:46] $main
INFO [2024-05-18 07:13:46] paste0(tissue, "( #jxns = ", n_jxns, " )")
INFO [2024-05-18 07:13:46] 
INFO [2024-05-18 07:13:46] $main.pos
INFO [2024-05-18 07:13:46] c(0.5, 0.1)
INFO [2024-05-18 07:13:46] 
INFO [2024-05-18 07:13:46] $cex
INFO [2024-05-18 07:13:46] [1] 1
INFO [2024-05-18 07:13:46] 
INFO [2024-05-18 07:13:46] $lwd
INFO [2024-05-18 07:13:46] [1] 1
INFO [2024-05-18 07:13:46] 
INFO [2024-05-18 07:13:46] $margin
INFO [2024-05-18 07:13:46] [1] 0.1
INFO [2024-05-18 07:13:46] 
INFO [2024-05-18 07:13:46] $label.col
INFO [2024-05-18 07:13:46] [1] "black"
INFO [2024-05-18 07:13:46] 
INFO [2024-05-18 07:13:46] [[9]]
INFO [2024-05-18 07:13:46] 
INFO [2024-05-18 07:13:46] 
