INFO [2024-05-18 20:58:52] $x
INFO [2024-05-18 20:58:52] all.single.tool
INFO [2024-05-18 20:58:52] 
INFO [2024-05-18 20:58:52] $filename
INFO [2024-05-18 20:58:52] NULL
INFO [2024-05-18 20:58:52] 
INFO [2024-05-18 20:58:52] $cex
INFO [2024-05-18 20:58:52] [1] 1
INFO [2024-05-18 20:58:52] 
INFO [2024-05-18 20:58:52] $lwd
INFO [2024-05-18 20:58:52] [1] 1
INFO [2024-05-18 20:58:52] 
INFO [2024-05-18 20:58:52] $margin
INFO [2024-05-18 20:58:52] [1] 0.1
INFO [2024-05-18 20:58:52] 
INFO [2024-05-18 20:58:52] $label.col
INFO [2024-05-18 20:58:52] [1] "black"
INFO [2024-05-18 20:58:52] 
INFO [2024-05-18 20:58:52] $fill
INFO [2024-05-18 20:58:52] colors
INFO [2024-05-18 20:58:52] 
INFO [2024-05-18 20:58:52] $cat.dist
INFO [2024-05-18 20:58:52] rep(0.1, length(names(all.single.tool)))
INFO [2024-05-18 20:58:52] 
