INFO [2024-05-18 21:04:49] $x
INFO [2024-05-18 21:04:49] all.single.tool
INFO [2024-05-18 21:04:49] 
INFO [2024-05-18 21:04:49] $filename
INFO [2024-05-18 21:04:49] NULL
INFO [2024-05-18 21:04:49] 
INFO [2024-05-18 21:04:49] $cex
INFO [2024-05-18 21:04:49] [1] 1
INFO [2024-05-18 21:04:49] 
INFO [2024-05-18 21:04:49] $lwd
INFO [2024-05-18 21:04:49] [1] 1
INFO [2024-05-18 21:04:49] 
INFO [2024-05-18 21:04:49] $margin
INFO [2024-05-18 21:04:49] [1] 0.1
INFO [2024-05-18 21:04:49] 
INFO [2024-05-18 21:04:49] $label.col
INFO [2024-05-18 21:04:49] [1] "black"
INFO [2024-05-18 21:04:49] 
INFO [2024-05-18 21:04:49] $fill
INFO [2024-05-18 21:04:49] colors
INFO [2024-05-18 21:04:49] 
INFO [2024-05-18 21:04:49] $cat.dist
INFO [2024-05-18 21:04:49] rep(0.1, length(names(all.single.tool)))
INFO [2024-05-18 21:04:49] 
