INFO [2024-05-18 07:13:35] $x
INFO [2024-05-18 07:13:35] all.single.tool
INFO [2024-05-18 07:13:35] 
INFO [2024-05-18 07:13:35] $filename
INFO [2024-05-18 07:13:35] NULL
INFO [2024-05-18 07:13:35] 
INFO [2024-05-18 07:13:35] $main
INFO [2024-05-18 07:13:35] paste0(tissue, "( #jxns = ", n_jxns, " )")
INFO [2024-05-18 07:13:35] 
INFO [2024-05-18 07:13:35] $main.pos
INFO [2024-05-18 07:13:35] c(0.5, 0.1)
INFO [2024-05-18 07:13:35] 
INFO [2024-05-18 07:13:35] $cex
INFO [2024-05-18 07:13:35] [1] 1
INFO [2024-05-18 07:13:35] 
INFO [2024-05-18 07:13:35] $lwd
INFO [2024-05-18 07:13:35] [1] 1
INFO [2024-05-18 07:13:35] 
INFO [2024-05-18 07:13:35] $margin
INFO [2024-05-18 07:13:35] [1] 0.1
INFO [2024-05-18 07:13:35] 
INFO [2024-05-18 07:13:35] $label.col
INFO [2024-05-18 07:13:35] [1] "black"
INFO [2024-05-18 07:13:35] 
INFO [2024-05-18 07:13:35] [[9]]
INFO [2024-05-18 07:13:35] 
INFO [2024-05-18 07:13:35] 
