INFO [2024-05-18 07:12:45] $x
INFO [2024-05-18 07:12:45] all.single.tool
INFO [2024-05-18 07:12:45] 
INFO [2024-05-18 07:12:45] $filename
INFO [2024-05-18 07:12:45] NULL
INFO [2024-05-18 07:12:45] 
INFO [2024-05-18 07:12:45] $main
INFO [2024-05-18 07:12:45] paste0(tissue, "( #jxns = ", n_jxns, " )")
INFO [2024-05-18 07:12:45] 
INFO [2024-05-18 07:12:45] $main.pos
INFO [2024-05-18 07:12:45] c(0.5, 0.1)
INFO [2024-05-18 07:12:45] 
INFO [2024-05-18 07:12:45] $cex
INFO [2024-05-18 07:12:45] [1] 1
INFO [2024-05-18 07:12:45] 
INFO [2024-05-18 07:12:45] $lwd
INFO [2024-05-18 07:12:45] [1] 1
INFO [2024-05-18 07:12:45] 
INFO [2024-05-18 07:12:45] $margin
INFO [2024-05-18 07:12:45] [1] 0.1
INFO [2024-05-18 07:12:45] 
INFO [2024-05-18 07:12:45] $label.col
INFO [2024-05-18 07:12:45] [1] "black"
INFO [2024-05-18 07:12:45] 
INFO [2024-05-18 07:12:45] $cat.dist
INFO [2024-05-18 07:12:45] c(0.05, 0.05, 0.05, 0.05)
INFO [2024-05-18 07:12:45] 
ERROR [2024-05-18 07:12:45] Unexpected parameter length for "cat.dist"
