INFO [2024-05-18 07:21:51] $x
INFO [2024-05-18 07:21:51] all.single.tool
INFO [2024-05-18 07:21:51] 
INFO [2024-05-18 07:21:51] $filename
INFO [2024-05-18 07:21:51] NULL
INFO [2024-05-18 07:21:51] 
INFO [2024-05-18 07:21:51] $cex
INFO [2024-05-18 07:21:51] [1] 1
INFO [2024-05-18 07:21:51] 
INFO [2024-05-18 07:21:51] $lwd
INFO [2024-05-18 07:21:51] [1] 1
INFO [2024-05-18 07:21:51] 
INFO [2024-05-18 07:21:51] $margin
INFO [2024-05-18 07:21:51] [1] 0.1
INFO [2024-05-18 07:21:51] 
INFO [2024-05-18 07:21:51] $label.col
INFO [2024-05-18 07:21:51] [1] "black"
INFO [2024-05-18 07:21:51] 
INFO [2024-05-18 07:21:51] $fill
INFO [2024-05-18 07:21:51] col
INFO [2024-05-18 07:21:51] 
INFO [2024-05-18 07:21:51] [[8]]
INFO [2024-05-18 07:21:51] 
INFO [2024-05-18 07:21:51] 
