INFO [2024-05-18 07:03:25] $x
INFO [2024-05-18 07:03:25] all.single.tool
INFO [2024-05-18 07:03:25] 
INFO [2024-05-18 07:03:25] $filename
INFO [2024-05-18 07:03:25] NULL
INFO [2024-05-18 07:03:25] 
INFO [2024-05-18 07:03:25] $main
INFO [2024-05-18 07:03:25] paste0(tissue, "( #jxns = ", n_jxns, " )")
INFO [2024-05-18 07:03:25] 
INFO [2024-05-18 07:03:25] $main.pos
INFO [2024-05-18 07:03:25] c(0.5, 1.05)
INFO [2024-05-18 07:03:25] 
INFO [2024-05-18 07:03:25] $cex
INFO [2024-05-18 07:03:25] [1] 1
INFO [2024-05-18 07:03:25] 
INFO [2024-05-18 07:03:25] $lwd
INFO [2024-05-18 07:03:25] [1] 1
INFO [2024-05-18 07:03:25] 
INFO [2024-05-18 07:03:25] $margin
INFO [2024-05-18 07:03:25] [1] 0.1
INFO [2024-05-18 07:03:25] 
INFO [2024-05-18 07:03:25] $label.col
INFO [2024-05-18 07:03:25] [1] "black"
INFO [2024-05-18 07:03:25] 
INFO [2024-05-18 07:03:25] [[9]]
INFO [2024-05-18 07:03:25] 
INFO [2024-05-18 07:03:25] 
