INFO [2024-05-18 07:18:06] $x
INFO [2024-05-18 07:18:06] all.single.tool
INFO [2024-05-18 07:18:06] 
INFO [2024-05-18 07:18:06] $filename
INFO [2024-05-18 07:18:06] NULL
INFO [2024-05-18 07:18:06] 
INFO [2024-05-18 07:18:06] $cex
INFO [2024-05-18 07:18:06] [1] 1
INFO [2024-05-18 07:18:06] 
INFO [2024-05-18 07:18:06] $lwd
INFO [2024-05-18 07:18:06] [1] 1
INFO [2024-05-18 07:18:06] 
INFO [2024-05-18 07:18:06] $margin
INFO [2024-05-18 07:18:06] [1] 0.1
INFO [2024-05-18 07:18:06] 
INFO [2024-05-18 07:18:06] $label.col
INFO [2024-05-18 07:18:06] [1] "black"
INFO [2024-05-18 07:18:06] 
INFO [2024-05-18 07:18:06] $fill
INFO [2024-05-18 07:18:06] c("#984EA3", "orange3", "#5DADE2")
INFO [2024-05-18 07:18:06] 
INFO [2024-05-18 07:18:06] [[8]]
INFO [2024-05-18 07:18:06] 
INFO [2024-05-18 07:18:06] 
