INFO [2024-05-18 07:12:05] $x
INFO [2024-05-18 07:12:05] all.single.tool
INFO [2024-05-18 07:12:05] 
INFO [2024-05-18 07:12:05] $filename
INFO [2024-05-18 07:12:05] NULL
INFO [2024-05-18 07:12:05] 
INFO [2024-05-18 07:12:05] $main
INFO [2024-05-18 07:12:05] paste0(tissue, "( #jxns = ", n_jxns, " )")
INFO [2024-05-18 07:12:05] 
INFO [2024-05-18 07:12:05] $main.pos
INFO [2024-05-18 07:12:05] c(0.5, 0)
INFO [2024-05-18 07:12:05] 
INFO [2024-05-18 07:12:05] $cex
INFO [2024-05-18 07:12:05] [1] 1
INFO [2024-05-18 07:12:05] 
INFO [2024-05-18 07:12:05] $lwd
INFO [2024-05-18 07:12:05] [1] 1
INFO [2024-05-18 07:12:05] 
INFO [2024-05-18 07:12:05] $margin
INFO [2024-05-18 07:12:05] [1] 0.1
INFO [2024-05-18 07:12:05] 
INFO [2024-05-18 07:12:05] $label.col
INFO [2024-05-18 07:12:05] [1] "black"
INFO [2024-05-18 07:12:05] 
INFO [2024-05-18 07:12:05] [[9]]
INFO [2024-05-18 07:12:05] 
INFO [2024-05-18 07:12:05] 
