INFO [2024-05-18 20:55:25] $x
INFO [2024-05-18 20:55:25] all.single.tool
INFO [2024-05-18 20:55:25] 
INFO [2024-05-18 20:55:25] $filename
INFO [2024-05-18 20:55:25] NULL
INFO [2024-05-18 20:55:25] 
INFO [2024-05-18 20:55:25] $cex
INFO [2024-05-18 20:55:25] [1] 1
INFO [2024-05-18 20:55:25] 
INFO [2024-05-18 20:55:25] $lwd
INFO [2024-05-18 20:55:25] [1] 1
INFO [2024-05-18 20:55:25] 
INFO [2024-05-18 20:55:25] $margin
INFO [2024-05-18 20:55:25] [1] 0.1
INFO [2024-05-18 20:55:25] 
INFO [2024-05-18 20:55:25] $label.col
INFO [2024-05-18 20:55:25] [1] "black"
INFO [2024-05-18 20:55:25] 
INFO [2024-05-18 20:55:25] $fill
INFO [2024-05-18 20:55:25] colors
INFO [2024-05-18 20:55:25] 
INFO [2024-05-18 20:55:25] $cat.dist
INFO [2024-05-18 20:55:25] rep(0.1, length(names(all.single.tool)))
INFO [2024-05-18 20:55:25] 
