INFO [2024-05-18 07:03:23] $x
INFO [2024-05-18 07:03:23] all.single.tool
INFO [2024-05-18 07:03:23] 
INFO [2024-05-18 07:03:23] $filename
INFO [2024-05-18 07:03:23] NULL
INFO [2024-05-18 07:03:23] 
INFO [2024-05-18 07:03:23] $main
INFO [2024-05-18 07:03:23] paste0(tissue, "( #jxns = ", n_jxns, " )")
INFO [2024-05-18 07:03:23] 
INFO [2024-05-18 07:03:23] $main.pos
INFO [2024-05-18 07:03:23] c(0.5, 1.05)
INFO [2024-05-18 07:03:23] 
INFO [2024-05-18 07:03:23] $cex
INFO [2024-05-18 07:03:23] [1] 1
INFO [2024-05-18 07:03:23] 
INFO [2024-05-18 07:03:23] $lwd
INFO [2024-05-18 07:03:23] [1] 1
INFO [2024-05-18 07:03:23] 
INFO [2024-05-18 07:03:23] $margin
INFO [2024-05-18 07:03:23] [1] 0.1
INFO [2024-05-18 07:03:23] 
INFO [2024-05-18 07:03:23] $label.col
INFO [2024-05-18 07:03:23] [1] "black"
INFO [2024-05-18 07:03:23] 
INFO [2024-05-18 07:03:23] [[9]]
INFO [2024-05-18 07:03:23] 
INFO [2024-05-18 07:03:23] 
