INFO [2024-05-18 07:15:01] $x
INFO [2024-05-18 07:15:01] all.single.tool
INFO [2024-05-18 07:15:01] 
INFO [2024-05-18 07:15:01] $filename
INFO [2024-05-18 07:15:01] NULL
INFO [2024-05-18 07:15:01] 
INFO [2024-05-18 07:15:01] $main
INFO [2024-05-18 07:15:01] paste0(tissue, "( #jxns = ", n_jxns, " )")
INFO [2024-05-18 07:15:01] 
INFO [2024-05-18 07:15:01] $main.pos
INFO [2024-05-18 07:15:01] c(0.5, 0.3)
INFO [2024-05-18 07:15:01] 
INFO [2024-05-18 07:15:01] $cex
INFO [2024-05-18 07:15:01] [1] 1
INFO [2024-05-18 07:15:01] 
INFO [2024-05-18 07:15:01] $lwd
INFO [2024-05-18 07:15:01] [1] 1
INFO [2024-05-18 07:15:01] 
INFO [2024-05-18 07:15:01] $margin
INFO [2024-05-18 07:15:01] [1] 0.1
INFO [2024-05-18 07:15:01] 
INFO [2024-05-18 07:15:01] $label.col
INFO [2024-05-18 07:15:01] [1] "black"
INFO [2024-05-18 07:15:01] 
INFO [2024-05-18 07:15:01] [[9]]
INFO [2024-05-18 07:15:01] 
INFO [2024-05-18 07:15:01] 
