INFO [2024-05-18 07:01:07] $x
INFO [2024-05-18 07:01:07] all.single.tool
INFO [2024-05-18 07:01:07] 
INFO [2024-05-18 07:01:07] $filename
INFO [2024-05-18 07:01:07] NULL
INFO [2024-05-18 07:01:07] 
INFO [2024-05-18 07:01:07] $main
INFO [2024-05-18 07:01:07] paste0(tissue, "( #jxns = ", n_jxns, " )")
INFO [2024-05-18 07:01:07] 
INFO [2024-05-18 07:01:07] $main.pos
INFO [2024-05-18 07:01:07] c(0.5, 1.05)
INFO [2024-05-18 07:01:07] 
INFO [2024-05-18 07:01:07] $cex
INFO [2024-05-18 07:01:07] [1] 1
INFO [2024-05-18 07:01:07] 
INFO [2024-05-18 07:01:07] $lwd
INFO [2024-05-18 07:01:07] [1] 1
INFO [2024-05-18 07:01:07] 
INFO [2024-05-18 07:01:07] $margin
INFO [2024-05-18 07:01:07] [1] 0.1
INFO [2024-05-18 07:01:07] 
INFO [2024-05-18 07:01:07] $label.col
INFO [2024-05-18 07:01:07] [1] "black"
INFO [2024-05-18 07:01:07] 
INFO [2024-05-18 07:01:07] [[9]]
INFO [2024-05-18 07:01:07] 
INFO [2024-05-18 07:01:07] 
