INFO [2024-05-18 07:02:35] $x
INFO [2024-05-18 07:02:35] all.single.tool
INFO [2024-05-18 07:02:35] 
INFO [2024-05-18 07:02:35] $filename
INFO [2024-05-18 07:02:35] NULL
INFO [2024-05-18 07:02:35] 
INFO [2024-05-18 07:02:35] $main
INFO [2024-05-18 07:02:35] paste0(tissue, "( #jxns = ", n_jxns, " )")
INFO [2024-05-18 07:02:35] 
INFO [2024-05-18 07:02:35] $main.pos
INFO [2024-05-18 07:02:35] c(0.5, 1.05)
INFO [2024-05-18 07:02:35] 
INFO [2024-05-18 07:02:35] $cex
INFO [2024-05-18 07:02:35] [1] 1
INFO [2024-05-18 07:02:35] 
INFO [2024-05-18 07:02:35] $lwd
INFO [2024-05-18 07:02:35] [1] 1
INFO [2024-05-18 07:02:35] 
INFO [2024-05-18 07:02:35] $margin
INFO [2024-05-18 07:02:35] [1] 0.1
INFO [2024-05-18 07:02:35] 
INFO [2024-05-18 07:02:35] $label.col
INFO [2024-05-18 07:02:35] [1] "black"
INFO [2024-05-18 07:02:35] 
INFO [2024-05-18 07:02:35] [[9]]
INFO [2024-05-18 07:02:35] 
INFO [2024-05-18 07:02:35] 
