INFO [2024-05-18 21:05:09] $x
INFO [2024-05-18 21:05:09] all.single.tool
INFO [2024-05-18 21:05:09] 
INFO [2024-05-18 21:05:09] $filename
INFO [2024-05-18 21:05:09] NULL
INFO [2024-05-18 21:05:09] 
INFO [2024-05-18 21:05:09] $cex
INFO [2024-05-18 21:05:09] [1] 1
INFO [2024-05-18 21:05:09] 
INFO [2024-05-18 21:05:09] $lwd
INFO [2024-05-18 21:05:09] [1] 1
INFO [2024-05-18 21:05:09] 
INFO [2024-05-18 21:05:09] $margin
INFO [2024-05-18 21:05:09] [1] 0.1
INFO [2024-05-18 21:05:09] 
INFO [2024-05-18 21:05:09] $label.col
INFO [2024-05-18 21:05:09] [1] "black"
INFO [2024-05-18 21:05:09] 
INFO [2024-05-18 21:05:09] $fill
INFO [2024-05-18 21:05:09] colors
INFO [2024-05-18 21:05:09] 
INFO [2024-05-18 21:05:09] $cat.dist
INFO [2024-05-18 21:05:09] rep(0.1, length(names(all.single.tool)))
INFO [2024-05-18 21:05:09] 
