INFO [2024-05-18 20:55:51] $x
INFO [2024-05-18 20:55:51] all.single.tool
INFO [2024-05-18 20:55:51] 
INFO [2024-05-18 20:55:51] $filename
INFO [2024-05-18 20:55:51] NULL
INFO [2024-05-18 20:55:51] 
INFO [2024-05-18 20:55:51] $cex
INFO [2024-05-18 20:55:51] [1] 1
INFO [2024-05-18 20:55:51] 
INFO [2024-05-18 20:55:51] $lwd
INFO [2024-05-18 20:55:51] [1] 1
INFO [2024-05-18 20:55:51] 
INFO [2024-05-18 20:55:51] $margin
INFO [2024-05-18 20:55:51] [1] 0.1
INFO [2024-05-18 20:55:51] 
INFO [2024-05-18 20:55:51] $label.col
INFO [2024-05-18 20:55:51] [1] "black"
INFO [2024-05-18 20:55:51] 
INFO [2024-05-18 20:55:51] $fill
INFO [2024-05-18 20:55:51] colors
INFO [2024-05-18 20:55:51] 
INFO [2024-05-18 20:55:51] $cat.dist
INFO [2024-05-18 20:55:51] rep(0.1, length(names(all.single.tool)))
INFO [2024-05-18 20:55:51] 
