INFO [2024-05-18 07:02:26] $x
INFO [2024-05-18 07:02:26] all.single.tool
INFO [2024-05-18 07:02:26] 
INFO [2024-05-18 07:02:26] $filename
INFO [2024-05-18 07:02:26] NULL
INFO [2024-05-18 07:02:26] 
INFO [2024-05-18 07:02:26] $main
INFO [2024-05-18 07:02:26] paste0(tissue, "( #jxns = ", n_jxns, " )")
INFO [2024-05-18 07:02:26] 
INFO [2024-05-18 07:02:26] $main.pos
INFO [2024-05-18 07:02:26] c(0.5, 1.05)
INFO [2024-05-18 07:02:26] 
INFO [2024-05-18 07:02:26] $cex
INFO [2024-05-18 07:02:26] [1] 1
INFO [2024-05-18 07:02:26] 
INFO [2024-05-18 07:02:26] $lwd
INFO [2024-05-18 07:02:26] [1] 1
INFO [2024-05-18 07:02:26] 
INFO [2024-05-18 07:02:26] $margin
INFO [2024-05-18 07:02:26] [1] 0.1
INFO [2024-05-18 07:02:26] 
INFO [2024-05-18 07:02:26] $label.col
INFO [2024-05-18 07:02:26] [1] "black"
INFO [2024-05-18 07:02:26] 
INFO [2024-05-18 07:02:26] [[9]]
INFO [2024-05-18 07:02:26] 
INFO [2024-05-18 07:02:26] 
