INFO [2024-05-18 07:29:53] $x
INFO [2024-05-18 07:29:53] all.single.tool
INFO [2024-05-18 07:29:53] 
INFO [2024-05-18 07:29:53] $filename
INFO [2024-05-18 07:29:53] NULL
INFO [2024-05-18 07:29:53] 
INFO [2024-05-18 07:29:53] $cex
INFO [2024-05-18 07:29:53] [1] 1
INFO [2024-05-18 07:29:53] 
INFO [2024-05-18 07:29:53] $lwd
INFO [2024-05-18 07:29:53] [1] 1
INFO [2024-05-18 07:29:53] 
INFO [2024-05-18 07:29:53] $margin
INFO [2024-05-18 07:29:53] [1] 0.1
INFO [2024-05-18 07:29:53] 
INFO [2024-05-18 07:29:53] $label.col
INFO [2024-05-18 07:29:53] [1] "black"
INFO [2024-05-18 07:29:53] 
INFO [2024-05-18 07:29:53] $fill
INFO [2024-05-18 07:29:53] colors
INFO [2024-05-18 07:29:53] 
INFO [2024-05-18 07:29:53] $cat.dist
INFO [2024-05-18 07:29:53] rep(0.1, length(names(all.single.tool)))
INFO [2024-05-18 07:29:53] 
