INFO [2024-05-18 07:25:08] $x
INFO [2024-05-18 07:25:08] all.single.tool
INFO [2024-05-18 07:25:08] 
INFO [2024-05-18 07:25:08] $filename
INFO [2024-05-18 07:25:08] NULL
INFO [2024-05-18 07:25:08] 
INFO [2024-05-18 07:25:08] $cex
INFO [2024-05-18 07:25:08] [1] 1
INFO [2024-05-18 07:25:08] 
INFO [2024-05-18 07:25:08] $lwd
INFO [2024-05-18 07:25:08] [1] 1
INFO [2024-05-18 07:25:08] 
INFO [2024-05-18 07:25:08] $margin
INFO [2024-05-18 07:25:08] [1] 0.1
INFO [2024-05-18 07:25:08] 
INFO [2024-05-18 07:25:08] $label.col
INFO [2024-05-18 07:25:08] [1] "black"
INFO [2024-05-18 07:25:08] 
INFO [2024-05-18 07:25:08] $fill
INFO [2024-05-18 07:25:08] colors
INFO [2024-05-18 07:25:08] 
INFO [2024-05-18 07:25:08] [[8]]
INFO [2024-05-18 07:25:08] 
INFO [2024-05-18 07:25:08] 
