INFO [2024-05-18 20:59:14] $x
INFO [2024-05-18 20:59:14] all.single.tool
INFO [2024-05-18 20:59:14] 
INFO [2024-05-18 20:59:14] $filename
INFO [2024-05-18 20:59:14] NULL
INFO [2024-05-18 20:59:14] 
INFO [2024-05-18 20:59:14] $cex
INFO [2024-05-18 20:59:14] [1] 1
INFO [2024-05-18 20:59:14] 
INFO [2024-05-18 20:59:14] $lwd
INFO [2024-05-18 20:59:14] [1] 1
INFO [2024-05-18 20:59:14] 
INFO [2024-05-18 20:59:14] $margin
INFO [2024-05-18 20:59:14] [1] 0.1
INFO [2024-05-18 20:59:14] 
INFO [2024-05-18 20:59:14] $label.col
INFO [2024-05-18 20:59:14] [1] "black"
INFO [2024-05-18 20:59:14] 
INFO [2024-05-18 20:59:14] $fill
INFO [2024-05-18 20:59:14] colors
INFO [2024-05-18 20:59:14] 
INFO [2024-05-18 20:59:14] $cat.dist
INFO [2024-05-18 20:59:14] rep(0.1, length(names(all.single.tool)))
INFO [2024-05-18 20:59:14] 
