INFO [2024-05-18 07:25:18] $x
INFO [2024-05-18 07:25:18] all.single.tool
INFO [2024-05-18 07:25:18] 
INFO [2024-05-18 07:25:18] $filename
INFO [2024-05-18 07:25:18] NULL
INFO [2024-05-18 07:25:18] 
INFO [2024-05-18 07:25:18] $cex
INFO [2024-05-18 07:25:18] [1] 1
INFO [2024-05-18 07:25:18] 
INFO [2024-05-18 07:25:18] $lwd
INFO [2024-05-18 07:25:18] [1] 1
INFO [2024-05-18 07:25:18] 
INFO [2024-05-18 07:25:18] $margin
INFO [2024-05-18 07:25:18] [1] 0.1
INFO [2024-05-18 07:25:18] 
INFO [2024-05-18 07:25:18] $label.col
INFO [2024-05-18 07:25:18] [1] "black"
INFO [2024-05-18 07:25:18] 
INFO [2024-05-18 07:25:18] $fill
INFO [2024-05-18 07:25:18] colors
INFO [2024-05-18 07:25:18] 
INFO [2024-05-18 07:25:18] [[8]]
INFO [2024-05-18 07:25:18] 
INFO [2024-05-18 07:25:18] 
