INFO [2024-05-18 21:05:27] $x
INFO [2024-05-18 21:05:27] all.single.tool
INFO [2024-05-18 21:05:27] 
INFO [2024-05-18 21:05:27] $filename
INFO [2024-05-18 21:05:27] NULL
INFO [2024-05-18 21:05:27] 
INFO [2024-05-18 21:05:27] $cex
INFO [2024-05-18 21:05:27] [1] 1
INFO [2024-05-18 21:05:27] 
INFO [2024-05-18 21:05:27] $lwd
INFO [2024-05-18 21:05:27] [1] 1
INFO [2024-05-18 21:05:27] 
INFO [2024-05-18 21:05:27] $margin
INFO [2024-05-18 21:05:27] [1] 0.1
INFO [2024-05-18 21:05:27] 
INFO [2024-05-18 21:05:27] $label.col
INFO [2024-05-18 21:05:27] [1] "black"
INFO [2024-05-18 21:05:27] 
INFO [2024-05-18 21:05:27] $fill
INFO [2024-05-18 21:05:27] colors
INFO [2024-05-18 21:05:27] 
INFO [2024-05-18 21:05:27] $cat.dist
INFO [2024-05-18 21:05:27] rep(0.1, length(names(all.single.tool)))
INFO [2024-05-18 21:05:27] 
