INFO [2024-05-18 07:22:15] $x
INFO [2024-05-18 07:22:15] all.single.tool
INFO [2024-05-18 07:22:15] 
INFO [2024-05-18 07:22:15] $filename
INFO [2024-05-18 07:22:15] NULL
INFO [2024-05-18 07:22:15] 
INFO [2024-05-18 07:22:15] $cex
INFO [2024-05-18 07:22:15] [1] 1
INFO [2024-05-18 07:22:15] 
INFO [2024-05-18 07:22:15] $lwd
INFO [2024-05-18 07:22:15] [1] 1
INFO [2024-05-18 07:22:15] 
INFO [2024-05-18 07:22:15] $margin
INFO [2024-05-18 07:22:15] [1] 0.1
INFO [2024-05-18 07:22:15] 
INFO [2024-05-18 07:22:15] $label.col
INFO [2024-05-18 07:22:15] [1] "black"
INFO [2024-05-18 07:22:15] 
INFO [2024-05-18 07:22:15] $fill
INFO [2024-05-18 07:22:15] col
INFO [2024-05-18 07:22:15] 
INFO [2024-05-18 07:22:15] [[8]]
INFO [2024-05-18 07:22:15] 
INFO [2024-05-18 07:22:15] 
