INFO [2024-05-18 07:18:05] $x
INFO [2024-05-18 07:18:05] all.single.tool
INFO [2024-05-18 07:18:05] 
INFO [2024-05-18 07:18:05] $filename
INFO [2024-05-18 07:18:05] NULL
INFO [2024-05-18 07:18:05] 
INFO [2024-05-18 07:18:05] $cex
INFO [2024-05-18 07:18:05] [1] 1
INFO [2024-05-18 07:18:05] 
INFO [2024-05-18 07:18:05] $lwd
INFO [2024-05-18 07:18:05] [1] 1
INFO [2024-05-18 07:18:05] 
INFO [2024-05-18 07:18:05] $margin
INFO [2024-05-18 07:18:05] [1] 0.1
INFO [2024-05-18 07:18:05] 
INFO [2024-05-18 07:18:05] $label.col
INFO [2024-05-18 07:18:05] [1] "black"
INFO [2024-05-18 07:18:05] 
INFO [2024-05-18 07:18:05] $fill
INFO [2024-05-18 07:18:05] c("#984EA3", "orange3", "#5DADE2")
INFO [2024-05-18 07:18:05] 
INFO [2024-05-18 07:18:05] [[8]]
INFO [2024-05-18 07:18:05] 
INFO [2024-05-18 07:18:05] 
