INFO [2024-05-18 07:18:13] $x
INFO [2024-05-18 07:18:13] all.single.tool
INFO [2024-05-18 07:18:13] 
INFO [2024-05-18 07:18:13] $filename
INFO [2024-05-18 07:18:13] NULL
INFO [2024-05-18 07:18:13] 
INFO [2024-05-18 07:18:13] $cex
INFO [2024-05-18 07:18:13] [1] 1
INFO [2024-05-18 07:18:13] 
INFO [2024-05-18 07:18:13] $lwd
INFO [2024-05-18 07:18:13] [1] 1
INFO [2024-05-18 07:18:13] 
INFO [2024-05-18 07:18:13] $margin
INFO [2024-05-18 07:18:13] [1] 0.1
INFO [2024-05-18 07:18:13] 
INFO [2024-05-18 07:18:13] $label.col
INFO [2024-05-18 07:18:13] [1] "black"
INFO [2024-05-18 07:18:13] 
INFO [2024-05-18 07:18:13] $fill
INFO [2024-05-18 07:18:13] c("#984EA3", "orange3", "#5DADE2")
INFO [2024-05-18 07:18:13] 
INFO [2024-05-18 07:18:13] [[8]]
INFO [2024-05-18 07:18:13] 
INFO [2024-05-18 07:18:13] 
ERROR [2024-05-18 07:18:13] Unexpected parameter length for "fill"
