INFO [2024-05-18 07:04:06] $x
INFO [2024-05-18 07:04:06] all.single.tool
INFO [2024-05-18 07:04:06] 
INFO [2024-05-18 07:04:06] $filename
INFO [2024-05-18 07:04:06] NULL
INFO [2024-05-18 07:04:06] 
INFO [2024-05-18 07:04:06] $main
INFO [2024-05-18 07:04:06] paste0(tissue, "( #jxns = ", n_jxns, " )")
INFO [2024-05-18 07:04:06] 
INFO [2024-05-18 07:04:06] $main.pos
INFO [2024-05-18 07:04:06] c(0.5, 1.05)
INFO [2024-05-18 07:04:06] 
INFO [2024-05-18 07:04:06] $cex
INFO [2024-05-18 07:04:06] [1] 1
INFO [2024-05-18 07:04:06] 
INFO [2024-05-18 07:04:06] $lwd
INFO [2024-05-18 07:04:06] [1] 1
INFO [2024-05-18 07:04:06] 
INFO [2024-05-18 07:04:06] $margin
INFO [2024-05-18 07:04:06] [1] 0.1
INFO [2024-05-18 07:04:06] 
INFO [2024-05-18 07:04:06] $label.col
INFO [2024-05-18 07:04:06] [1] "black"
INFO [2024-05-18 07:04:06] 
INFO [2024-05-18 07:04:06] [[9]]
INFO [2024-05-18 07:04:06] 
INFO [2024-05-18 07:04:06] 
