INFO [2024-05-18 21:05:11] $x
INFO [2024-05-18 21:05:11] all.single.tool
INFO [2024-05-18 21:05:11] 
INFO [2024-05-18 21:05:11] $filename
INFO [2024-05-18 21:05:11] NULL
INFO [2024-05-18 21:05:11] 
INFO [2024-05-18 21:05:11] $cex
INFO [2024-05-18 21:05:11] [1] 1
INFO [2024-05-18 21:05:11] 
INFO [2024-05-18 21:05:11] $lwd
INFO [2024-05-18 21:05:11] [1] 1
INFO [2024-05-18 21:05:11] 
INFO [2024-05-18 21:05:11] $margin
INFO [2024-05-18 21:05:11] [1] 0.1
INFO [2024-05-18 21:05:11] 
INFO [2024-05-18 21:05:11] $label.col
INFO [2024-05-18 21:05:11] [1] "black"
INFO [2024-05-18 21:05:11] 
INFO [2024-05-18 21:05:11] $fill
INFO [2024-05-18 21:05:11] colors
INFO [2024-05-18 21:05:11] 
INFO [2024-05-18 21:05:11] $cat.dist
INFO [2024-05-18 21:05:11] rep(0.1, length(names(all.single.tool)))
INFO [2024-05-18 21:05:11] 
