INFO [2024-05-18 07:05:17] $x
INFO [2024-05-18 07:05:17] all.single.tool
INFO [2024-05-18 07:05:17] 
INFO [2024-05-18 07:05:17] $filename
INFO [2024-05-18 07:05:17] NULL
INFO [2024-05-18 07:05:17] 
INFO [2024-05-18 07:05:17] $main
INFO [2024-05-18 07:05:17] paste0(tissue, "( #jxns = ", n_jxns, " )")
INFO [2024-05-18 07:05:17] 
INFO [2024-05-18 07:05:17] $main.pos
INFO [2024-05-18 07:05:17] c(0.5, 1.05)
INFO [2024-05-18 07:05:17] 
INFO [2024-05-18 07:05:17] $cex
INFO [2024-05-18 07:05:17] [1] 1
INFO [2024-05-18 07:05:17] 
INFO [2024-05-18 07:05:17] $lwd
INFO [2024-05-18 07:05:17] [1] 1
INFO [2024-05-18 07:05:17] 
INFO [2024-05-18 07:05:17] $margin
INFO [2024-05-18 07:05:17] [1] 0.1
INFO [2024-05-18 07:05:17] 
INFO [2024-05-18 07:05:17] $label.col
INFO [2024-05-18 07:05:17] [1] "black"
INFO [2024-05-18 07:05:17] 
INFO [2024-05-18 07:05:17] [[9]]
INFO [2024-05-18 07:05:17] 
INFO [2024-05-18 07:05:17] 
