INFO [2024-05-18 07:22:28] $x
INFO [2024-05-18 07:22:28] all.single.tool
INFO [2024-05-18 07:22:28] 
INFO [2024-05-18 07:22:28] $filename
INFO [2024-05-18 07:22:28] NULL
INFO [2024-05-18 07:22:28] 
INFO [2024-05-18 07:22:28] $cex
INFO [2024-05-18 07:22:28] [1] 1
INFO [2024-05-18 07:22:28] 
INFO [2024-05-18 07:22:28] $lwd
INFO [2024-05-18 07:22:28] [1] 1
INFO [2024-05-18 07:22:28] 
INFO [2024-05-18 07:22:28] $margin
INFO [2024-05-18 07:22:28] [1] 0.1
INFO [2024-05-18 07:22:28] 
INFO [2024-05-18 07:22:28] $label.col
INFO [2024-05-18 07:22:28] [1] "black"
INFO [2024-05-18 07:22:28] 
INFO [2024-05-18 07:22:28] $fill
INFO [2024-05-18 07:22:28] col
INFO [2024-05-18 07:22:28] 
INFO [2024-05-18 07:22:28] [[8]]
INFO [2024-05-18 07:22:28] 
INFO [2024-05-18 07:22:28] 
