INFO [2024-05-18 20:55:50] $x
INFO [2024-05-18 20:55:50] all.single.tool
INFO [2024-05-18 20:55:50] 
INFO [2024-05-18 20:55:50] $filename
INFO [2024-05-18 20:55:50] NULL
INFO [2024-05-18 20:55:50] 
INFO [2024-05-18 20:55:50] $cex
INFO [2024-05-18 20:55:50] [1] 1
INFO [2024-05-18 20:55:50] 
INFO [2024-05-18 20:55:50] $lwd
INFO [2024-05-18 20:55:50] [1] 1
INFO [2024-05-18 20:55:50] 
INFO [2024-05-18 20:55:50] $margin
INFO [2024-05-18 20:55:50] [1] 0.1
INFO [2024-05-18 20:55:50] 
INFO [2024-05-18 20:55:50] $label.col
INFO [2024-05-18 20:55:50] [1] "black"
INFO [2024-05-18 20:55:50] 
INFO [2024-05-18 20:55:50] $fill
INFO [2024-05-18 20:55:50] colors
INFO [2024-05-18 20:55:50] 
INFO [2024-05-18 20:55:50] $cat.dist
INFO [2024-05-18 20:55:50] rep(0.1, length(names(all.single.tool)))
INFO [2024-05-18 20:55:50] 
