INFO [2024-05-18 07:09:14] $x
INFO [2024-05-18 07:09:14] all.single.tool
INFO [2024-05-18 07:09:14] 
INFO [2024-05-18 07:09:14] $filename
INFO [2024-05-18 07:09:14] NULL
INFO [2024-05-18 07:09:14] 
INFO [2024-05-18 07:09:14] $main
INFO [2024-05-18 07:09:14] paste0(tissue, "( #jxns = ", n_jxns, " )")
INFO [2024-05-18 07:09:14] 
INFO [2024-05-18 07:09:14] $cex
INFO [2024-05-18 07:09:14] [1] 1
INFO [2024-05-18 07:09:14] 
INFO [2024-05-18 07:09:14] $lwd
INFO [2024-05-18 07:09:14] [1] 1
INFO [2024-05-18 07:09:14] 
INFO [2024-05-18 07:09:14] $margin
INFO [2024-05-18 07:09:14] [1] 0.1
INFO [2024-05-18 07:09:14] 
INFO [2024-05-18 07:09:14] $label.col
INFO [2024-05-18 07:09:14] [1] "black"
INFO [2024-05-18 07:09:14] 
INFO [2024-05-18 07:09:14] [[8]]
INFO [2024-05-18 07:09:14] 
INFO [2024-05-18 07:09:14] 
