INFO [2024-05-18 07:21:43] $x
INFO [2024-05-18 07:21:43] all.single.tool
INFO [2024-05-18 07:21:43] 
INFO [2024-05-18 07:21:43] $filename
INFO [2024-05-18 07:21:43] NULL
INFO [2024-05-18 07:21:43] 
INFO [2024-05-18 07:21:43] $cex
INFO [2024-05-18 07:21:43] [1] 1
INFO [2024-05-18 07:21:43] 
INFO [2024-05-18 07:21:43] $lwd
INFO [2024-05-18 07:21:43] [1] 1
INFO [2024-05-18 07:21:43] 
INFO [2024-05-18 07:21:43] $margin
INFO [2024-05-18 07:21:43] [1] 0.1
INFO [2024-05-18 07:21:43] 
INFO [2024-05-18 07:21:43] $label.col
INFO [2024-05-18 07:21:43] [1] "black"
INFO [2024-05-18 07:21:43] 
INFO [2024-05-18 07:21:43] $fill
INFO [2024-05-18 07:21:43] col
INFO [2024-05-18 07:21:43] 
INFO [2024-05-18 07:21:43] [[8]]
INFO [2024-05-18 07:21:43] 
INFO [2024-05-18 07:21:43] 
