INFO [2024-05-18 07:16:31] $x
INFO [2024-05-18 07:16:31] all.single.tool
INFO [2024-05-18 07:16:31] 
INFO [2024-05-18 07:16:31] $filename
INFO [2024-05-18 07:16:31] NULL
INFO [2024-05-18 07:16:31] 
INFO [2024-05-18 07:16:31] $cex
INFO [2024-05-18 07:16:31] [1] 1
INFO [2024-05-18 07:16:31] 
INFO [2024-05-18 07:16:31] $lwd
INFO [2024-05-18 07:16:31] [1] 1
INFO [2024-05-18 07:16:31] 
INFO [2024-05-18 07:16:31] $margin
INFO [2024-05-18 07:16:31] [1] 0.1
INFO [2024-05-18 07:16:31] 
INFO [2024-05-18 07:16:31] $label.col
INFO [2024-05-18 07:16:31] [1] "black"
INFO [2024-05-18 07:16:31] 
INFO [2024-05-18 07:16:31] $fill
INFO [2024-05-18 07:16:31] c(sajr = "#984EA3", dje = "orange3", diego = "#5DADE2")
INFO [2024-05-18 07:16:31] 
INFO [2024-05-18 07:16:31] [[8]]
INFO [2024-05-18 07:16:31] 
INFO [2024-05-18 07:16:31] 
