INFO [2024-05-18 07:02:27] $x
INFO [2024-05-18 07:02:27] all.single.tool
INFO [2024-05-18 07:02:27] 
INFO [2024-05-18 07:02:27] $filename
INFO [2024-05-18 07:02:27] NULL
INFO [2024-05-18 07:02:27] 
INFO [2024-05-18 07:02:27] $main
INFO [2024-05-18 07:02:27] paste0(tissue, "( #jxns = ", n_jxns, " )")
INFO [2024-05-18 07:02:27] 
INFO [2024-05-18 07:02:27] $main.pos
INFO [2024-05-18 07:02:27] c(0.5, 1.05)
INFO [2024-05-18 07:02:27] 
INFO [2024-05-18 07:02:27] $cex
INFO [2024-05-18 07:02:27] [1] 1
INFO [2024-05-18 07:02:27] 
INFO [2024-05-18 07:02:27] $lwd
INFO [2024-05-18 07:02:27] [1] 1
INFO [2024-05-18 07:02:27] 
INFO [2024-05-18 07:02:27] $margin
INFO [2024-05-18 07:02:27] [1] 0.1
INFO [2024-05-18 07:02:27] 
INFO [2024-05-18 07:02:27] $label.col
INFO [2024-05-18 07:02:27] [1] "black"
INFO [2024-05-18 07:02:27] 
INFO [2024-05-18 07:02:27] [[9]]
INFO [2024-05-18 07:02:27] 
INFO [2024-05-18 07:02:27] 
