INFO [2024-05-18 20:56:06] $x
INFO [2024-05-18 20:56:06] all.single.tool
INFO [2024-05-18 20:56:06] 
INFO [2024-05-18 20:56:06] $filename
INFO [2024-05-18 20:56:06] NULL
INFO [2024-05-18 20:56:06] 
INFO [2024-05-18 20:56:06] $cex
INFO [2024-05-18 20:56:06] [1] 1
INFO [2024-05-18 20:56:06] 
INFO [2024-05-18 20:56:06] $lwd
INFO [2024-05-18 20:56:06] [1] 1
INFO [2024-05-18 20:56:06] 
INFO [2024-05-18 20:56:06] $margin
INFO [2024-05-18 20:56:06] [1] 0.1
INFO [2024-05-18 20:56:06] 
INFO [2024-05-18 20:56:06] $label.col
INFO [2024-05-18 20:56:06] [1] "black"
INFO [2024-05-18 20:56:06] 
INFO [2024-05-18 20:56:06] $fill
INFO [2024-05-18 20:56:06] colors
INFO [2024-05-18 20:56:06] 
INFO [2024-05-18 20:56:06] $cat.dist
INFO [2024-05-18 20:56:06] rep(0.1, length(names(all.single.tool)))
INFO [2024-05-18 20:56:06] 
