INFO [2024-05-18 07:08:57] $x
INFO [2024-05-18 07:08:57] all.single.tool
INFO [2024-05-18 07:08:57] 
INFO [2024-05-18 07:08:57] $filename
INFO [2024-05-18 07:08:57] NULL
INFO [2024-05-18 07:08:57] 
INFO [2024-05-18 07:08:57] $main
INFO [2024-05-18 07:08:57] paste0(tissue, "( #jxns = ", n_jxns, " )")
INFO [2024-05-18 07:08:57] 
INFO [2024-05-18 07:08:57] $cex
INFO [2024-05-18 07:08:57] [1] 1
INFO [2024-05-18 07:08:57] 
INFO [2024-05-18 07:08:57] $lwd
INFO [2024-05-18 07:08:57] [1] 1
INFO [2024-05-18 07:08:57] 
INFO [2024-05-18 07:08:57] $margin
INFO [2024-05-18 07:08:57] [1] 0.1
INFO [2024-05-18 07:08:57] 
INFO [2024-05-18 07:08:57] $label.col
INFO [2024-05-18 07:08:57] [1] "black"
INFO [2024-05-18 07:08:57] 
INFO [2024-05-18 07:08:57] [[8]]
INFO [2024-05-18 07:08:57] 
INFO [2024-05-18 07:08:57] 
