INFO [2024-05-18 07:21:53] $x
INFO [2024-05-18 07:21:53] all.single.tool
INFO [2024-05-18 07:21:53] 
INFO [2024-05-18 07:21:53] $filename
INFO [2024-05-18 07:21:53] NULL
INFO [2024-05-18 07:21:53] 
INFO [2024-05-18 07:21:53] $cex
INFO [2024-05-18 07:21:53] [1] 1
INFO [2024-05-18 07:21:53] 
INFO [2024-05-18 07:21:53] $lwd
INFO [2024-05-18 07:21:53] [1] 1
INFO [2024-05-18 07:21:53] 
INFO [2024-05-18 07:21:53] $margin
INFO [2024-05-18 07:21:53] [1] 0.1
INFO [2024-05-18 07:21:53] 
INFO [2024-05-18 07:21:53] $label.col
INFO [2024-05-18 07:21:53] [1] "black"
INFO [2024-05-18 07:21:53] 
INFO [2024-05-18 07:21:53] $fill
INFO [2024-05-18 07:21:53] col
INFO [2024-05-18 07:21:53] 
INFO [2024-05-18 07:21:53] [[8]]
INFO [2024-05-18 07:21:53] 
INFO [2024-05-18 07:21:53] 
