INFO [2024-05-18 07:07:20] $x
INFO [2024-05-18 07:07:20] all.single.tool
INFO [2024-05-18 07:07:20] 
INFO [2024-05-18 07:07:20] $filename
INFO [2024-05-18 07:07:20] NULL
INFO [2024-05-18 07:07:20] 
INFO [2024-05-18 07:07:20] $main
INFO [2024-05-18 07:07:20] paste0(tissue, "( #jxns = ", n_jxns, " )")
INFO [2024-05-18 07:07:20] 
INFO [2024-05-18 07:07:20] $main.pos
INFO [2024-05-18 07:07:20] c(0.5, 1.05)
INFO [2024-05-18 07:07:20] 
INFO [2024-05-18 07:07:20] $cex
INFO [2024-05-18 07:07:20] [1] 1
INFO [2024-05-18 07:07:20] 
INFO [2024-05-18 07:07:20] $lwd
INFO [2024-05-18 07:07:20] [1] 1
INFO [2024-05-18 07:07:20] 
INFO [2024-05-18 07:07:20] $margin
INFO [2024-05-18 07:07:20] [1] 0.1
INFO [2024-05-18 07:07:20] 
INFO [2024-05-18 07:07:20] $label.col
INFO [2024-05-18 07:07:20] [1] "black"
INFO [2024-05-18 07:07:20] 
INFO [2024-05-18 07:07:20] [[9]]
INFO [2024-05-18 07:07:20] 
INFO [2024-05-18 07:07:20] 
