INFO [2024-05-18 20:57:42] $x
INFO [2024-05-18 20:57:42] all.single.tool
INFO [2024-05-18 20:57:42] 
INFO [2024-05-18 20:57:42] $filename
INFO [2024-05-18 20:57:42] NULL
INFO [2024-05-18 20:57:42] 
INFO [2024-05-18 20:57:42] $cex
INFO [2024-05-18 20:57:42] [1] 1
INFO [2024-05-18 20:57:42] 
INFO [2024-05-18 20:57:42] $lwd
INFO [2024-05-18 20:57:42] [1] 1
INFO [2024-05-18 20:57:42] 
INFO [2024-05-18 20:57:42] $margin
INFO [2024-05-18 20:57:42] [1] 0.1
INFO [2024-05-18 20:57:42] 
INFO [2024-05-18 20:57:42] $label.col
INFO [2024-05-18 20:57:42] [1] "black"
INFO [2024-05-18 20:57:42] 
INFO [2024-05-18 20:57:42] $fill
INFO [2024-05-18 20:57:42] colors
INFO [2024-05-18 20:57:42] 
INFO [2024-05-18 20:57:42] $cat.dist
INFO [2024-05-18 20:57:42] rep(0.1, length(names(all.single.tool)))
INFO [2024-05-18 20:57:42] 
