INFO [2024-05-18 07:14:33] $x
INFO [2024-05-18 07:14:33] all.single.tool
INFO [2024-05-18 07:14:33] 
INFO [2024-05-18 07:14:33] $filename
INFO [2024-05-18 07:14:33] NULL
INFO [2024-05-18 07:14:33] 
INFO [2024-05-18 07:14:33] $main
INFO [2024-05-18 07:14:33] paste0(tissue, "( #jxns = ", n_jxns, " )")
INFO [2024-05-18 07:14:33] 
INFO [2024-05-18 07:14:33] $main.pos
INFO [2024-05-18 07:14:33] c(0.5, 0)
INFO [2024-05-18 07:14:33] 
INFO [2024-05-18 07:14:33] $cex
INFO [2024-05-18 07:14:33] [1] 1
INFO [2024-05-18 07:14:33] 
INFO [2024-05-18 07:14:33] $lwd
INFO [2024-05-18 07:14:33] [1] 1
INFO [2024-05-18 07:14:33] 
INFO [2024-05-18 07:14:33] $margin
INFO [2024-05-18 07:14:33] [1] 0.1
INFO [2024-05-18 07:14:33] 
INFO [2024-05-18 07:14:33] $label.col
INFO [2024-05-18 07:14:33] [1] "black"
INFO [2024-05-18 07:14:33] 
INFO [2024-05-18 07:14:33] [[9]]
INFO [2024-05-18 07:14:33] 
INFO [2024-05-18 07:14:33] 
