INFO [2024-05-18 07:10:11] $x
INFO [2024-05-18 07:10:11] all.single.tool
INFO [2024-05-18 07:10:11] 
INFO [2024-05-18 07:10:11] $filename
INFO [2024-05-18 07:10:11] NULL
INFO [2024-05-18 07:10:11] 
INFO [2024-05-18 07:10:11] $main
INFO [2024-05-18 07:10:11] paste0(tissue, "( #jxns = ", n_jxns, " )")
INFO [2024-05-18 07:10:11] 
INFO [2024-05-18 07:10:11] $main.pos
INFO [2024-05-18 07:10:11] c(0, 0)
INFO [2024-05-18 07:10:11] 
INFO [2024-05-18 07:10:11] $cex
INFO [2024-05-18 07:10:11] [1] 1
INFO [2024-05-18 07:10:11] 
INFO [2024-05-18 07:10:11] $lwd
INFO [2024-05-18 07:10:11] [1] 1
INFO [2024-05-18 07:10:11] 
INFO [2024-05-18 07:10:11] $margin
INFO [2024-05-18 07:10:11] [1] 0.1
INFO [2024-05-18 07:10:11] 
INFO [2024-05-18 07:10:11] $label.col
INFO [2024-05-18 07:10:11] [1] "black"
INFO [2024-05-18 07:10:11] 
INFO [2024-05-18 07:10:11] [[9]]
INFO [2024-05-18 07:10:11] 
INFO [2024-05-18 07:10:11] 
