INFO [2024-05-18 07:29:58] $x
INFO [2024-05-18 07:29:58] all.single.tool
INFO [2024-05-18 07:29:58] 
INFO [2024-05-18 07:29:58] $filename
INFO [2024-05-18 07:29:58] NULL
INFO [2024-05-18 07:29:58] 
INFO [2024-05-18 07:29:58] $cex
INFO [2024-05-18 07:29:58] [1] 1
INFO [2024-05-18 07:29:58] 
INFO [2024-05-18 07:29:58] $lwd
INFO [2024-05-18 07:29:58] [1] 1
INFO [2024-05-18 07:29:58] 
INFO [2024-05-18 07:29:58] $margin
INFO [2024-05-18 07:29:58] [1] 0.1
INFO [2024-05-18 07:29:58] 
INFO [2024-05-18 07:29:58] $label.col
INFO [2024-05-18 07:29:58] [1] "black"
INFO [2024-05-18 07:29:58] 
INFO [2024-05-18 07:29:58] $fill
INFO [2024-05-18 07:29:58] colors
INFO [2024-05-18 07:29:58] 
INFO [2024-05-18 07:29:58] $cat.dist
INFO [2024-05-18 07:29:58] rep(0.1, length(names(all.single.tool)))
INFO [2024-05-18 07:29:58] 
