INFO [2024-05-18 07:14:40] $x
INFO [2024-05-18 07:14:40] all.single.tool
INFO [2024-05-18 07:14:40] 
INFO [2024-05-18 07:14:40] $filename
INFO [2024-05-18 07:14:40] NULL
INFO [2024-05-18 07:14:40] 
INFO [2024-05-18 07:14:40] $main
INFO [2024-05-18 07:14:40] paste0(tissue, "( #jxns = ", n_jxns, " )")
INFO [2024-05-18 07:14:40] 
INFO [2024-05-18 07:14:40] $main.pos
INFO [2024-05-18 07:14:40] c(0.5, 0)
INFO [2024-05-18 07:14:40] 
INFO [2024-05-18 07:14:40] $cex
INFO [2024-05-18 07:14:40] [1] 1
INFO [2024-05-18 07:14:40] 
INFO [2024-05-18 07:14:40] $lwd
INFO [2024-05-18 07:14:40] [1] 1
INFO [2024-05-18 07:14:40] 
INFO [2024-05-18 07:14:40] $margin
INFO [2024-05-18 07:14:40] [1] 0.1
INFO [2024-05-18 07:14:40] 
INFO [2024-05-18 07:14:40] $label.col
INFO [2024-05-18 07:14:40] [1] "black"
INFO [2024-05-18 07:14:40] 
INFO [2024-05-18 07:14:40] [[9]]
INFO [2024-05-18 07:14:40] 
INFO [2024-05-18 07:14:40] 
