INFO [2024-05-18 07:14:38] $x
INFO [2024-05-18 07:14:38] all.single.tool
INFO [2024-05-18 07:14:38] 
INFO [2024-05-18 07:14:38] $filename
INFO [2024-05-18 07:14:38] NULL
INFO [2024-05-18 07:14:38] 
INFO [2024-05-18 07:14:38] $main
INFO [2024-05-18 07:14:38] paste0(tissue, "( #jxns = ", n_jxns, " )")
INFO [2024-05-18 07:14:38] 
INFO [2024-05-18 07:14:38] $main.pos
INFO [2024-05-18 07:14:38] c(0.5, 0)
INFO [2024-05-18 07:14:38] 
INFO [2024-05-18 07:14:38] $cex
INFO [2024-05-18 07:14:38] [1] 1
INFO [2024-05-18 07:14:38] 
INFO [2024-05-18 07:14:38] $lwd
INFO [2024-05-18 07:14:38] [1] 1
INFO [2024-05-18 07:14:38] 
INFO [2024-05-18 07:14:38] $margin
INFO [2024-05-18 07:14:38] [1] 0.1
INFO [2024-05-18 07:14:38] 
INFO [2024-05-18 07:14:38] $label.col
INFO [2024-05-18 07:14:38] [1] "black"
INFO [2024-05-18 07:14:38] 
INFO [2024-05-18 07:14:38] [[9]]
INFO [2024-05-18 07:14:38] 
INFO [2024-05-18 07:14:38] 
