INFO [2024-05-18 07:15:12] $x
INFO [2024-05-18 07:15:12] all.single.tool
INFO [2024-05-18 07:15:12] 
INFO [2024-05-18 07:15:12] $filename
INFO [2024-05-18 07:15:12] NULL
INFO [2024-05-18 07:15:12] 
INFO [2024-05-18 07:15:12] $main
INFO [2024-05-18 07:15:12] paste0(tissue, "( #jxns = ", n_jxns, " )")
INFO [2024-05-18 07:15:12] 
INFO [2024-05-18 07:15:12] $main.pos
INFO [2024-05-18 07:15:12] c(0.5, 0.3)
INFO [2024-05-18 07:15:12] 
INFO [2024-05-18 07:15:12] $cex
INFO [2024-05-18 07:15:12] [1] 1
INFO [2024-05-18 07:15:12] 
INFO [2024-05-18 07:15:12] $lwd
INFO [2024-05-18 07:15:12] [1] 1
INFO [2024-05-18 07:15:12] 
INFO [2024-05-18 07:15:12] $margin
INFO [2024-05-18 07:15:12] [1] 0.1
INFO [2024-05-18 07:15:12] 
INFO [2024-05-18 07:15:12] $label.col
INFO [2024-05-18 07:15:12] [1] "black"
INFO [2024-05-18 07:15:12] 
INFO [2024-05-18 07:15:12] [[9]]
INFO [2024-05-18 07:15:12] 
INFO [2024-05-18 07:15:12] 
