INFO [2024-05-18 07:22:30] $x
INFO [2024-05-18 07:22:30] all.single.tool
INFO [2024-05-18 07:22:30] 
INFO [2024-05-18 07:22:30] $filename
INFO [2024-05-18 07:22:30] NULL
INFO [2024-05-18 07:22:30] 
INFO [2024-05-18 07:22:30] $cex
INFO [2024-05-18 07:22:30] [1] 1
INFO [2024-05-18 07:22:30] 
INFO [2024-05-18 07:22:30] $lwd
INFO [2024-05-18 07:22:30] [1] 1
INFO [2024-05-18 07:22:30] 
INFO [2024-05-18 07:22:30] $margin
INFO [2024-05-18 07:22:30] [1] 0.1
INFO [2024-05-18 07:22:30] 
INFO [2024-05-18 07:22:30] $label.col
INFO [2024-05-18 07:22:30] [1] "black"
INFO [2024-05-18 07:22:30] 
INFO [2024-05-18 07:22:30] $fill
INFO [2024-05-18 07:22:30] col
INFO [2024-05-18 07:22:30] 
INFO [2024-05-18 07:22:30] [[8]]
INFO [2024-05-18 07:22:30] 
INFO [2024-05-18 07:22:30] 
