INFO [2024-05-18 07:09:13] $x
INFO [2024-05-18 07:09:13] all.single.tool
INFO [2024-05-18 07:09:13] 
INFO [2024-05-18 07:09:13] $filename
INFO [2024-05-18 07:09:13] NULL
INFO [2024-05-18 07:09:13] 
INFO [2024-05-18 07:09:13] $main
INFO [2024-05-18 07:09:13] paste0(tissue, "( #jxns = ", n_jxns, " )")
INFO [2024-05-18 07:09:13] 
INFO [2024-05-18 07:09:13] $cex
INFO [2024-05-18 07:09:13] [1] 1
INFO [2024-05-18 07:09:13] 
INFO [2024-05-18 07:09:13] $lwd
INFO [2024-05-18 07:09:13] [1] 1
INFO [2024-05-18 07:09:13] 
INFO [2024-05-18 07:09:13] $margin
INFO [2024-05-18 07:09:13] [1] 0.1
INFO [2024-05-18 07:09:13] 
INFO [2024-05-18 07:09:13] $label.col
INFO [2024-05-18 07:09:13] [1] "black"
INFO [2024-05-18 07:09:13] 
INFO [2024-05-18 07:09:13] [[8]]
INFO [2024-05-18 07:09:13] 
INFO [2024-05-18 07:09:13] 
