INFO [2024-05-18 07:22:23] $x
INFO [2024-05-18 07:22:23] all.single.tool
INFO [2024-05-18 07:22:23] 
INFO [2024-05-18 07:22:23] $filename
INFO [2024-05-18 07:22:23] NULL
INFO [2024-05-18 07:22:23] 
INFO [2024-05-18 07:22:23] $cex
INFO [2024-05-18 07:22:23] [1] 1
INFO [2024-05-18 07:22:23] 
INFO [2024-05-18 07:22:23] $lwd
INFO [2024-05-18 07:22:23] [1] 1
INFO [2024-05-18 07:22:23] 
INFO [2024-05-18 07:22:23] $margin
INFO [2024-05-18 07:22:23] [1] 0.1
INFO [2024-05-18 07:22:23] 
INFO [2024-05-18 07:22:23] $label.col
INFO [2024-05-18 07:22:23] [1] "black"
INFO [2024-05-18 07:22:23] 
INFO [2024-05-18 07:22:23] $fill
INFO [2024-05-18 07:22:23] col
INFO [2024-05-18 07:22:23] 
INFO [2024-05-18 07:22:23] [[8]]
INFO [2024-05-18 07:22:23] 
INFO [2024-05-18 07:22:23] 
