INFO [2024-05-18 07:25:22] $x
INFO [2024-05-18 07:25:22] all.single.tool
INFO [2024-05-18 07:25:22] 
INFO [2024-05-18 07:25:22] $filename
INFO [2024-05-18 07:25:22] NULL
INFO [2024-05-18 07:25:22] 
INFO [2024-05-18 07:25:22] $cex
INFO [2024-05-18 07:25:22] [1] 1
INFO [2024-05-18 07:25:22] 
INFO [2024-05-18 07:25:22] $lwd
INFO [2024-05-18 07:25:22] [1] 1
INFO [2024-05-18 07:25:22] 
INFO [2024-05-18 07:25:22] $margin
INFO [2024-05-18 07:25:22] [1] 0.1
INFO [2024-05-18 07:25:22] 
INFO [2024-05-18 07:25:22] $label.col
INFO [2024-05-18 07:25:22] [1] "black"
INFO [2024-05-18 07:25:22] 
INFO [2024-05-18 07:25:22] $fill
INFO [2024-05-18 07:25:22] colors
INFO [2024-05-18 07:25:22] 
INFO [2024-05-18 07:25:22] [[8]]
INFO [2024-05-18 07:25:22] 
INFO [2024-05-18 07:25:22] 
