INFO [2024-05-18 19:43:47] $x
INFO [2024-05-18 19:43:47] all.single.tool
INFO [2024-05-18 19:43:47] 
INFO [2024-05-18 19:43:47] $filename
INFO [2024-05-18 19:43:47] NULL
INFO [2024-05-18 19:43:47] 
INFO [2024-05-18 19:43:47] $cex
INFO [2024-05-18 19:43:47] [1] 1
INFO [2024-05-18 19:43:47] 
INFO [2024-05-18 19:43:47] $lwd
INFO [2024-05-18 19:43:47] [1] 1
INFO [2024-05-18 19:43:47] 
INFO [2024-05-18 19:43:47] $margin
INFO [2024-05-18 19:43:47] [1] 0.1
INFO [2024-05-18 19:43:47] 
INFO [2024-05-18 19:43:47] $label.col
INFO [2024-05-18 19:43:47] [1] "black"
INFO [2024-05-18 19:43:47] 
INFO [2024-05-18 19:43:47] $fill
INFO [2024-05-18 19:43:47] colors
INFO [2024-05-18 19:43:47] 
INFO [2024-05-18 19:43:47] $cat.dist
INFO [2024-05-18 19:43:47] rep(0.1, length(names(all.single.tool)))
INFO [2024-05-18 19:43:47] 
