INFO [2024-05-18 07:21:57] $x
INFO [2024-05-18 07:21:57] all.single.tool
INFO [2024-05-18 07:21:57] 
INFO [2024-05-18 07:21:57] $filename
INFO [2024-05-18 07:21:57] NULL
INFO [2024-05-18 07:21:57] 
INFO [2024-05-18 07:21:57] $cex
INFO [2024-05-18 07:21:57] [1] 1
INFO [2024-05-18 07:21:57] 
INFO [2024-05-18 07:21:57] $lwd
INFO [2024-05-18 07:21:57] [1] 1
INFO [2024-05-18 07:21:57] 
INFO [2024-05-18 07:21:57] $margin
INFO [2024-05-18 07:21:57] [1] 0.1
INFO [2024-05-18 07:21:57] 
INFO [2024-05-18 07:21:57] $label.col
INFO [2024-05-18 07:21:57] [1] "black"
INFO [2024-05-18 07:21:57] 
INFO [2024-05-18 07:21:57] $fill
INFO [2024-05-18 07:21:57] col
INFO [2024-05-18 07:21:57] 
INFO [2024-05-18 07:21:57] [[8]]
INFO [2024-05-18 07:21:57] 
INFO [2024-05-18 07:21:57] 
