INFO [2024-05-18 07:21:52] $x
INFO [2024-05-18 07:21:52] all.single.tool
INFO [2024-05-18 07:21:52] 
INFO [2024-05-18 07:21:52] $filename
INFO [2024-05-18 07:21:52] NULL
INFO [2024-05-18 07:21:52] 
INFO [2024-05-18 07:21:52] $cex
INFO [2024-05-18 07:21:52] [1] 1
INFO [2024-05-18 07:21:52] 
INFO [2024-05-18 07:21:52] $lwd
INFO [2024-05-18 07:21:52] [1] 1
INFO [2024-05-18 07:21:52] 
INFO [2024-05-18 07:21:52] $margin
INFO [2024-05-18 07:21:52] [1] 0.1
INFO [2024-05-18 07:21:52] 
INFO [2024-05-18 07:21:52] $label.col
INFO [2024-05-18 07:21:52] [1] "black"
INFO [2024-05-18 07:21:52] 
INFO [2024-05-18 07:21:52] $fill
INFO [2024-05-18 07:21:52] col
INFO [2024-05-18 07:21:52] 
INFO [2024-05-18 07:21:52] [[8]]
INFO [2024-05-18 07:21:52] 
INFO [2024-05-18 07:21:52] 
