INFO [2024-05-18 07:13:36] $x
INFO [2024-05-18 07:13:36] all.single.tool
INFO [2024-05-18 07:13:36] 
INFO [2024-05-18 07:13:36] $filename
INFO [2024-05-18 07:13:36] NULL
INFO [2024-05-18 07:13:36] 
INFO [2024-05-18 07:13:36] $main
INFO [2024-05-18 07:13:36] paste0(tissue, "( #jxns = ", n_jxns, " )")
INFO [2024-05-18 07:13:36] 
INFO [2024-05-18 07:13:36] $main.pos
INFO [2024-05-18 07:13:36] c(0.5, 0.1)
INFO [2024-05-18 07:13:36] 
INFO [2024-05-18 07:13:36] $cex
INFO [2024-05-18 07:13:36] [1] 1
INFO [2024-05-18 07:13:36] 
INFO [2024-05-18 07:13:36] $lwd
INFO [2024-05-18 07:13:36] [1] 1
INFO [2024-05-18 07:13:36] 
INFO [2024-05-18 07:13:36] $margin
INFO [2024-05-18 07:13:36] [1] 0.1
INFO [2024-05-18 07:13:36] 
INFO [2024-05-18 07:13:36] $label.col
INFO [2024-05-18 07:13:36] [1] "black"
INFO [2024-05-18 07:13:36] 
INFO [2024-05-18 07:13:36] [[9]]
INFO [2024-05-18 07:13:36] 
INFO [2024-05-18 07:13:36] 
