INFO [2024-05-18 20:59:15] $x
INFO [2024-05-18 20:59:15] all.single.tool
INFO [2024-05-18 20:59:15] 
INFO [2024-05-18 20:59:15] $filename
INFO [2024-05-18 20:59:15] NULL
INFO [2024-05-18 20:59:15] 
INFO [2024-05-18 20:59:15] $cex
INFO [2024-05-18 20:59:15] [1] 1
INFO [2024-05-18 20:59:15] 
INFO [2024-05-18 20:59:15] $lwd
INFO [2024-05-18 20:59:15] [1] 1
INFO [2024-05-18 20:59:15] 
INFO [2024-05-18 20:59:15] $margin
INFO [2024-05-18 20:59:15] [1] 0.1
INFO [2024-05-18 20:59:15] 
INFO [2024-05-18 20:59:15] $label.col
INFO [2024-05-18 20:59:15] [1] "black"
INFO [2024-05-18 20:59:15] 
INFO [2024-05-18 20:59:15] $fill
INFO [2024-05-18 20:59:15] colors
INFO [2024-05-18 20:59:15] 
INFO [2024-05-18 20:59:15] $cat.dist
INFO [2024-05-18 20:59:15] rep(0.1, length(names(all.single.tool)))
INFO [2024-05-18 20:59:15] 
