INFO [2024-05-18 20:55:26] $x
INFO [2024-05-18 20:55:26] all.single.tool
INFO [2024-05-18 20:55:26] 
INFO [2024-05-18 20:55:26] $filename
INFO [2024-05-18 20:55:26] NULL
INFO [2024-05-18 20:55:26] 
INFO [2024-05-18 20:55:26] $cex
INFO [2024-05-18 20:55:26] [1] 1
INFO [2024-05-18 20:55:26] 
INFO [2024-05-18 20:55:26] $lwd
INFO [2024-05-18 20:55:26] [1] 1
INFO [2024-05-18 20:55:26] 
INFO [2024-05-18 20:55:26] $margin
INFO [2024-05-18 20:55:26] [1] 0.1
INFO [2024-05-18 20:55:26] 
INFO [2024-05-18 20:55:26] $label.col
INFO [2024-05-18 20:55:26] [1] "black"
INFO [2024-05-18 20:55:26] 
INFO [2024-05-18 20:55:26] $fill
INFO [2024-05-18 20:55:26] colors
INFO [2024-05-18 20:55:26] 
INFO [2024-05-18 20:55:26] $cat.dist
INFO [2024-05-18 20:55:26] rep(0.1, length(names(all.single.tool)))
INFO [2024-05-18 20:55:26] 
