INFO [2024-05-18 07:13:24] $x
INFO [2024-05-18 07:13:24] all.single.tool
INFO [2024-05-18 07:13:24] 
INFO [2024-05-18 07:13:24] $filename
INFO [2024-05-18 07:13:24] NULL
INFO [2024-05-18 07:13:24] 
INFO [2024-05-18 07:13:24] $main
INFO [2024-05-18 07:13:24] paste0(tissue, "( #jxns = ", n_jxns, " )")
INFO [2024-05-18 07:13:24] 
INFO [2024-05-18 07:13:24] $main.pos
INFO [2024-05-18 07:13:24] c(0.5, 0.1)
INFO [2024-05-18 07:13:24] 
INFO [2024-05-18 07:13:24] $cex
INFO [2024-05-18 07:13:24] [1] 1
INFO [2024-05-18 07:13:24] 
INFO [2024-05-18 07:13:24] $lwd
INFO [2024-05-18 07:13:24] [1] 1
INFO [2024-05-18 07:13:24] 
INFO [2024-05-18 07:13:24] $margin
INFO [2024-05-18 07:13:24] [1] 0.1
INFO [2024-05-18 07:13:24] 
INFO [2024-05-18 07:13:24] $label.col
INFO [2024-05-18 07:13:24] [1] "black"
INFO [2024-05-18 07:13:24] 
INFO [2024-05-18 07:13:24] $cat.pos
INFO [2024-05-18 07:13:24] c(0, 0, 180, 180)
INFO [2024-05-18 07:13:24] 
INFO [2024-05-18 07:13:24] [[10]]
INFO [2024-05-18 07:13:24] 
INFO [2024-05-18 07:13:24] 
ERROR [2024-05-18 07:13:24] Unexpected parameter length for "cat.pos"
