INFO [2024-05-18 07:04:03] $x
INFO [2024-05-18 07:04:03] all.single.tool
INFO [2024-05-18 07:04:03] 
INFO [2024-05-18 07:04:03] $filename
INFO [2024-05-18 07:04:03] NULL
INFO [2024-05-18 07:04:03] 
INFO [2024-05-18 07:04:03] $main
INFO [2024-05-18 07:04:03] paste0(tissue, "( #jxns = ", n_jxns, " )")
INFO [2024-05-18 07:04:03] 
INFO [2024-05-18 07:04:03] $main.pos
INFO [2024-05-18 07:04:03] c(0.5, 1.05)
INFO [2024-05-18 07:04:03] 
INFO [2024-05-18 07:04:03] $cex
INFO [2024-05-18 07:04:03] [1] 1
INFO [2024-05-18 07:04:03] 
INFO [2024-05-18 07:04:03] $lwd
INFO [2024-05-18 07:04:03] [1] 1
INFO [2024-05-18 07:04:03] 
INFO [2024-05-18 07:04:03] $margin
INFO [2024-05-18 07:04:03] [1] 0.1
INFO [2024-05-18 07:04:03] 
INFO [2024-05-18 07:04:03] $label.col
INFO [2024-05-18 07:04:03] [1] "black"
INFO [2024-05-18 07:04:03] 
INFO [2024-05-18 07:04:03] [[9]]
INFO [2024-05-18 07:04:03] 
INFO [2024-05-18 07:04:03] 
