INFO [2024-05-18 20:56:05] $x
INFO [2024-05-18 20:56:05] all.single.tool
INFO [2024-05-18 20:56:05] 
INFO [2024-05-18 20:56:05] $filename
INFO [2024-05-18 20:56:05] NULL
INFO [2024-05-18 20:56:05] 
INFO [2024-05-18 20:56:05] $cex
INFO [2024-05-18 20:56:05] [1] 1
INFO [2024-05-18 20:56:05] 
INFO [2024-05-18 20:56:05] $lwd
INFO [2024-05-18 20:56:05] [1] 1
INFO [2024-05-18 20:56:05] 
INFO [2024-05-18 20:56:05] $margin
INFO [2024-05-18 20:56:05] [1] 0.1
INFO [2024-05-18 20:56:05] 
INFO [2024-05-18 20:56:05] $label.col
INFO [2024-05-18 20:56:05] [1] "black"
INFO [2024-05-18 20:56:05] 
INFO [2024-05-18 20:56:05] $fill
INFO [2024-05-18 20:56:05] colors
INFO [2024-05-18 20:56:05] 
INFO [2024-05-18 20:56:05] $cat.dist
INFO [2024-05-18 20:56:05] rep(0.1, length(names(all.single.tool)))
INFO [2024-05-18 20:56:05] 
