INFO [2024-05-18 07:04:02] $x
INFO [2024-05-18 07:04:02] all.single.tool
INFO [2024-05-18 07:04:02] 
INFO [2024-05-18 07:04:02] $filename
INFO [2024-05-18 07:04:02] NULL
INFO [2024-05-18 07:04:02] 
INFO [2024-05-18 07:04:02] $main
INFO [2024-05-18 07:04:02] paste0(tissue, "( #jxns = ", n_jxns, " )")
INFO [2024-05-18 07:04:02] 
INFO [2024-05-18 07:04:02] $main.pos
INFO [2024-05-18 07:04:02] c(0.5, 1.05)
INFO [2024-05-18 07:04:02] 
INFO [2024-05-18 07:04:02] $cex
INFO [2024-05-18 07:04:02] [1] 1
INFO [2024-05-18 07:04:02] 
INFO [2024-05-18 07:04:02] $lwd
INFO [2024-05-18 07:04:02] [1] 1
INFO [2024-05-18 07:04:02] 
INFO [2024-05-18 07:04:02] $margin
INFO [2024-05-18 07:04:02] [1] 0.1
INFO [2024-05-18 07:04:02] 
INFO [2024-05-18 07:04:02] $label.col
INFO [2024-05-18 07:04:02] [1] "black"
INFO [2024-05-18 07:04:02] 
INFO [2024-05-18 07:04:02] [[9]]
INFO [2024-05-18 07:04:02] 
INFO [2024-05-18 07:04:02] 
