INFO [2024-05-18 21:05:10] $x
INFO [2024-05-18 21:05:10] all.single.tool
INFO [2024-05-18 21:05:10] 
INFO [2024-05-18 21:05:10] $filename
INFO [2024-05-18 21:05:10] NULL
INFO [2024-05-18 21:05:10] 
INFO [2024-05-18 21:05:10] $cex
INFO [2024-05-18 21:05:10] [1] 1
INFO [2024-05-18 21:05:10] 
INFO [2024-05-18 21:05:10] $lwd
INFO [2024-05-18 21:05:10] [1] 1
INFO [2024-05-18 21:05:10] 
INFO [2024-05-18 21:05:10] $margin
INFO [2024-05-18 21:05:10] [1] 0.1
INFO [2024-05-18 21:05:10] 
INFO [2024-05-18 21:05:10] $label.col
INFO [2024-05-18 21:05:10] [1] "black"
INFO [2024-05-18 21:05:10] 
INFO [2024-05-18 21:05:10] $fill
INFO [2024-05-18 21:05:10] colors
INFO [2024-05-18 21:05:10] 
INFO [2024-05-18 21:05:10] $cat.dist
INFO [2024-05-18 21:05:10] rep(0.1, length(names(all.single.tool)))
INFO [2024-05-18 21:05:10] 
