INFO [2024-05-18 07:02:34] $x
INFO [2024-05-18 07:02:34] all.single.tool
INFO [2024-05-18 07:02:34] 
INFO [2024-05-18 07:02:34] $filename
INFO [2024-05-18 07:02:34] NULL
INFO [2024-05-18 07:02:34] 
INFO [2024-05-18 07:02:34] $main
INFO [2024-05-18 07:02:34] paste0(tissue, "( #jxns = ", n_jxns, " )")
INFO [2024-05-18 07:02:34] 
INFO [2024-05-18 07:02:34] $main.pos
INFO [2024-05-18 07:02:34] c(0.5, 1.05)
INFO [2024-05-18 07:02:34] 
INFO [2024-05-18 07:02:34] $cex
INFO [2024-05-18 07:02:34] [1] 1
INFO [2024-05-18 07:02:34] 
INFO [2024-05-18 07:02:34] $lwd
INFO [2024-05-18 07:02:34] [1] 1
INFO [2024-05-18 07:02:34] 
INFO [2024-05-18 07:02:34] $margin
INFO [2024-05-18 07:02:34] [1] 0.1
INFO [2024-05-18 07:02:34] 
INFO [2024-05-18 07:02:34] $label.col
INFO [2024-05-18 07:02:34] [1] "black"
INFO [2024-05-18 07:02:34] 
INFO [2024-05-18 07:02:34] [[9]]
INFO [2024-05-18 07:02:34] 
INFO [2024-05-18 07:02:34] 
