INFO [2024-05-18 19:44:03] $x
INFO [2024-05-18 19:44:03] all.single.tool
INFO [2024-05-18 19:44:03] 
INFO [2024-05-18 19:44:03] $filename
INFO [2024-05-18 19:44:03] NULL
INFO [2024-05-18 19:44:03] 
INFO [2024-05-18 19:44:03] $cex
INFO [2024-05-18 19:44:03] [1] 1
INFO [2024-05-18 19:44:03] 
INFO [2024-05-18 19:44:03] $lwd
INFO [2024-05-18 19:44:03] [1] 1
INFO [2024-05-18 19:44:03] 
INFO [2024-05-18 19:44:03] $margin
INFO [2024-05-18 19:44:03] [1] 0.1
INFO [2024-05-18 19:44:03] 
INFO [2024-05-18 19:44:03] $label.col
INFO [2024-05-18 19:44:03] [1] "black"
INFO [2024-05-18 19:44:03] 
INFO [2024-05-18 19:44:03] $fill
INFO [2024-05-18 19:44:03] colors
INFO [2024-05-18 19:44:03] 
INFO [2024-05-18 19:44:03] $cat.dist
INFO [2024-05-18 19:44:03] rep(0.1, length(names(all.single.tool)))
INFO [2024-05-18 19:44:03] 
