INFO [2024-05-18 07:07:18] $x
INFO [2024-05-18 07:07:18] all.single.tool
INFO [2024-05-18 07:07:18] 
INFO [2024-05-18 07:07:18] $filename
INFO [2024-05-18 07:07:18] NULL
INFO [2024-05-18 07:07:18] 
INFO [2024-05-18 07:07:18] $main
INFO [2024-05-18 07:07:18] paste0(tissue, "( #jxns = ", n_jxns, " )")
INFO [2024-05-18 07:07:18] 
INFO [2024-05-18 07:07:18] $main.pos
INFO [2024-05-18 07:07:18] c(0.5, 1.05)
INFO [2024-05-18 07:07:18] 
INFO [2024-05-18 07:07:18] $cex
INFO [2024-05-18 07:07:18] [1] 1
INFO [2024-05-18 07:07:18] 
INFO [2024-05-18 07:07:18] $lwd
INFO [2024-05-18 07:07:18] [1] 1
INFO [2024-05-18 07:07:18] 
INFO [2024-05-18 07:07:18] $margin
INFO [2024-05-18 07:07:18] [1] 0.1
INFO [2024-05-18 07:07:18] 
INFO [2024-05-18 07:07:18] $label.col
INFO [2024-05-18 07:07:18] [1] "black"
INFO [2024-05-18 07:07:18] 
INFO [2024-05-18 07:07:18] [[9]]
INFO [2024-05-18 07:07:18] 
INFO [2024-05-18 07:07:18] 
