INFO [2024-05-18 07:03:28] $x
INFO [2024-05-18 07:03:28] all.single.tool
INFO [2024-05-18 07:03:28] 
INFO [2024-05-18 07:03:28] $filename
INFO [2024-05-18 07:03:28] NULL
INFO [2024-05-18 07:03:28] 
INFO [2024-05-18 07:03:28] $main
INFO [2024-05-18 07:03:28] paste0(tissue, "( #jxns = ", n_jxns, " )")
INFO [2024-05-18 07:03:28] 
INFO [2024-05-18 07:03:28] $main.pos
INFO [2024-05-18 07:03:28] c(0.5, 1.05)
INFO [2024-05-18 07:03:28] 
INFO [2024-05-18 07:03:28] $cex
INFO [2024-05-18 07:03:28] [1] 1
INFO [2024-05-18 07:03:28] 
INFO [2024-05-18 07:03:28] $lwd
INFO [2024-05-18 07:03:28] [1] 1
INFO [2024-05-18 07:03:28] 
INFO [2024-05-18 07:03:28] $margin
INFO [2024-05-18 07:03:28] [1] 0.1
INFO [2024-05-18 07:03:28] 
INFO [2024-05-18 07:03:28] $label.col
INFO [2024-05-18 07:03:28] [1] "black"
INFO [2024-05-18 07:03:28] 
INFO [2024-05-18 07:03:28] [[9]]
INFO [2024-05-18 07:03:28] 
INFO [2024-05-18 07:03:28] 
