INFO [2024-05-18 20:59:16] $x
INFO [2024-05-18 20:59:16] all.single.tool
INFO [2024-05-18 20:59:16] 
INFO [2024-05-18 20:59:16] $filename
INFO [2024-05-18 20:59:16] NULL
INFO [2024-05-18 20:59:16] 
INFO [2024-05-18 20:59:16] $cex
INFO [2024-05-18 20:59:16] [1] 1
INFO [2024-05-18 20:59:16] 
INFO [2024-05-18 20:59:16] $lwd
INFO [2024-05-18 20:59:16] [1] 1
INFO [2024-05-18 20:59:16] 
INFO [2024-05-18 20:59:16] $margin
INFO [2024-05-18 20:59:16] [1] 0.1
INFO [2024-05-18 20:59:16] 
INFO [2024-05-18 20:59:16] $label.col
INFO [2024-05-18 20:59:16] [1] "black"
INFO [2024-05-18 20:59:16] 
INFO [2024-05-18 20:59:16] $fill
INFO [2024-05-18 20:59:16] colors
INFO [2024-05-18 20:59:16] 
INFO [2024-05-18 20:59:16] $cat.dist
INFO [2024-05-18 20:59:16] rep(0.1, length(names(all.single.tool)))
INFO [2024-05-18 20:59:16] 
