INFO [2024-05-18 07:10:00] $x
INFO [2024-05-18 07:10:00] all.single.tool
INFO [2024-05-18 07:10:00] 
INFO [2024-05-18 07:10:00] $filename
INFO [2024-05-18 07:10:00] NULL
INFO [2024-05-18 07:10:00] 
INFO [2024-05-18 07:10:00] $main
INFO [2024-05-18 07:10:00] paste0(tissue, "( #jxns = ", n_jxns, " )")
INFO [2024-05-18 07:10:00] 
INFO [2024-05-18 07:10:00] $main.pos
INFO [2024-05-18 07:10:00] c(0, 0)
INFO [2024-05-18 07:10:00] 
INFO [2024-05-18 07:10:00] $cex
INFO [2024-05-18 07:10:00] [1] 1
INFO [2024-05-18 07:10:00] 
INFO [2024-05-18 07:10:00] $lwd
INFO [2024-05-18 07:10:00] [1] 1
INFO [2024-05-18 07:10:00] 
INFO [2024-05-18 07:10:00] $margin
INFO [2024-05-18 07:10:00] [1] 0.1
INFO [2024-05-18 07:10:00] 
INFO [2024-05-18 07:10:00] $label.col
INFO [2024-05-18 07:10:00] [1] "black"
INFO [2024-05-18 07:10:00] 
INFO [2024-05-18 07:10:00] [[9]]
INFO [2024-05-18 07:10:00] 
INFO [2024-05-18 07:10:00] 
