INFO [2024-05-18 07:13:47] $x
INFO [2024-05-18 07:13:47] all.single.tool
INFO [2024-05-18 07:13:47] 
INFO [2024-05-18 07:13:47] $filename
INFO [2024-05-18 07:13:47] NULL
INFO [2024-05-18 07:13:47] 
INFO [2024-05-18 07:13:47] $main
INFO [2024-05-18 07:13:47] paste0(tissue, "( #jxns = ", n_jxns, " )")
INFO [2024-05-18 07:13:47] 
INFO [2024-05-18 07:13:47] $main.pos
INFO [2024-05-18 07:13:47] c(0.5, 0.1)
INFO [2024-05-18 07:13:47] 
INFO [2024-05-18 07:13:47] $cex
INFO [2024-05-18 07:13:47] [1] 1
INFO [2024-05-18 07:13:47] 
INFO [2024-05-18 07:13:47] $lwd
INFO [2024-05-18 07:13:47] [1] 1
INFO [2024-05-18 07:13:47] 
INFO [2024-05-18 07:13:47] $margin
INFO [2024-05-18 07:13:47] [1] 0.1
INFO [2024-05-18 07:13:47] 
INFO [2024-05-18 07:13:47] $label.col
INFO [2024-05-18 07:13:47] [1] "black"
INFO [2024-05-18 07:13:47] 
INFO [2024-05-18 07:13:47] [[9]]
INFO [2024-05-18 07:13:47] 
INFO [2024-05-18 07:13:47] 
