INFO [2024-05-18 07:00:58] $x
INFO [2024-05-18 07:00:58] all.single.tool
INFO [2024-05-18 07:00:58] 
INFO [2024-05-18 07:00:58] $filename
INFO [2024-05-18 07:00:58] NULL
INFO [2024-05-18 07:00:58] 
INFO [2024-05-18 07:00:58] $main
INFO [2024-05-18 07:00:58] paste0(tissue, "( #jxns = ", n_jxns, " )")
INFO [2024-05-18 07:00:58] 
INFO [2024-05-18 07:00:58] $main.pos
INFO [2024-05-18 07:00:58] c(0.5, 1.05)
INFO [2024-05-18 07:00:58] 
INFO [2024-05-18 07:00:58] $cex
INFO [2024-05-18 07:00:58] [1] 1
INFO [2024-05-18 07:00:58] 
INFO [2024-05-18 07:00:58] $lwd
INFO [2024-05-18 07:00:58] [1] 1
INFO [2024-05-18 07:00:58] 
INFO [2024-05-18 07:00:58] $margin
INFO [2024-05-18 07:00:58] [1] 0.1
INFO [2024-05-18 07:00:58] 
INFO [2024-05-18 07:00:58] $label.col
INFO [2024-05-18 07:00:58] [1] "black"
INFO [2024-05-18 07:00:58] 
INFO [2024-05-18 07:00:58] [[9]]
INFO [2024-05-18 07:00:58] 
INFO [2024-05-18 07:00:58] 
