INFO [2024-05-18 07:22:29] $x
INFO [2024-05-18 07:22:29] all.single.tool
INFO [2024-05-18 07:22:29] 
INFO [2024-05-18 07:22:29] $filename
INFO [2024-05-18 07:22:29] NULL
INFO [2024-05-18 07:22:29] 
INFO [2024-05-18 07:22:29] $cex
INFO [2024-05-18 07:22:29] [1] 1
INFO [2024-05-18 07:22:29] 
INFO [2024-05-18 07:22:29] $lwd
INFO [2024-05-18 07:22:29] [1] 1
INFO [2024-05-18 07:22:29] 
INFO [2024-05-18 07:22:29] $margin
INFO [2024-05-18 07:22:29] [1] 0.1
INFO [2024-05-18 07:22:29] 
INFO [2024-05-18 07:22:29] $label.col
INFO [2024-05-18 07:22:29] [1] "black"
INFO [2024-05-18 07:22:29] 
INFO [2024-05-18 07:22:29] $fill
INFO [2024-05-18 07:22:29] col
INFO [2024-05-18 07:22:29] 
INFO [2024-05-18 07:22:29] [[8]]
INFO [2024-05-18 07:22:29] 
INFO [2024-05-18 07:22:29] 
