INFO [2024-05-18 07:07:19] $x
INFO [2024-05-18 07:07:19] all.single.tool
INFO [2024-05-18 07:07:19] 
INFO [2024-05-18 07:07:19] $filename
INFO [2024-05-18 07:07:19] NULL
INFO [2024-05-18 07:07:19] 
INFO [2024-05-18 07:07:19] $main
INFO [2024-05-18 07:07:19] paste0(tissue, "( #jxns = ", n_jxns, " )")
INFO [2024-05-18 07:07:19] 
INFO [2024-05-18 07:07:19] $main.pos
INFO [2024-05-18 07:07:19] c(0.5, 1.05)
INFO [2024-05-18 07:07:19] 
INFO [2024-05-18 07:07:19] $cex
INFO [2024-05-18 07:07:19] [1] 1
INFO [2024-05-18 07:07:19] 
INFO [2024-05-18 07:07:19] $lwd
INFO [2024-05-18 07:07:19] [1] 1
INFO [2024-05-18 07:07:19] 
INFO [2024-05-18 07:07:19] $margin
INFO [2024-05-18 07:07:19] [1] 0.1
INFO [2024-05-18 07:07:19] 
INFO [2024-05-18 07:07:19] $label.col
INFO [2024-05-18 07:07:19] [1] "black"
INFO [2024-05-18 07:07:19] 
INFO [2024-05-18 07:07:19] [[9]]
INFO [2024-05-18 07:07:19] 
INFO [2024-05-18 07:07:19] 
