INFO [2024-05-18 07:02:32] $x
INFO [2024-05-18 07:02:32] all.single.tool
INFO [2024-05-18 07:02:32] 
INFO [2024-05-18 07:02:32] $filename
INFO [2024-05-18 07:02:32] NULL
INFO [2024-05-18 07:02:32] 
INFO [2024-05-18 07:02:32] $main
INFO [2024-05-18 07:02:32] paste0(tissue, "( #jxns = ", n_jxns, " )")
INFO [2024-05-18 07:02:32] 
INFO [2024-05-18 07:02:32] $main.pos
INFO [2024-05-18 07:02:32] c(0.5, 1.05)
INFO [2024-05-18 07:02:32] 
INFO [2024-05-18 07:02:32] $cex
INFO [2024-05-18 07:02:32] [1] 1
INFO [2024-05-18 07:02:32] 
INFO [2024-05-18 07:02:32] $lwd
INFO [2024-05-18 07:02:32] [1] 1
INFO [2024-05-18 07:02:32] 
INFO [2024-05-18 07:02:32] $margin
INFO [2024-05-18 07:02:32] [1] 0.1
INFO [2024-05-18 07:02:32] 
INFO [2024-05-18 07:02:32] $label.col
INFO [2024-05-18 07:02:32] [1] "black"
INFO [2024-05-18 07:02:32] 
INFO [2024-05-18 07:02:32] [[9]]
INFO [2024-05-18 07:02:32] 
INFO [2024-05-18 07:02:32] 
