INFO [2024-05-18 07:11:54] $x
INFO [2024-05-18 07:11:54] all.single.tool
INFO [2024-05-18 07:11:54] 
INFO [2024-05-18 07:11:54] $filename
INFO [2024-05-18 07:11:54] NULL
INFO [2024-05-18 07:11:54] 
INFO [2024-05-18 07:11:54] $main
INFO [2024-05-18 07:11:54] paste0(tissue, "( #jxns = ", n_jxns, " )")
INFO [2024-05-18 07:11:54] 
INFO [2024-05-18 07:11:54] $main.pos
INFO [2024-05-18 07:11:54] c(0.5, 0)
INFO [2024-05-18 07:11:54] 
INFO [2024-05-18 07:11:54] $cex
INFO [2024-05-18 07:11:54] [1] 1
INFO [2024-05-18 07:11:54] 
INFO [2024-05-18 07:11:54] $lwd
INFO [2024-05-18 07:11:54] [1] 1
INFO [2024-05-18 07:11:54] 
INFO [2024-05-18 07:11:54] $margin
INFO [2024-05-18 07:11:54] [1] 0.1
INFO [2024-05-18 07:11:54] 
INFO [2024-05-18 07:11:54] $label.col
INFO [2024-05-18 07:11:54] [1] "black"
INFO [2024-05-18 07:11:54] 
INFO [2024-05-18 07:11:54] [[9]]
INFO [2024-05-18 07:11:54] 
INFO [2024-05-18 07:11:54] 
