INFO [2024-05-18 21:01:24] $x
INFO [2024-05-18 21:01:24] all.single.tool
INFO [2024-05-18 21:01:24] 
INFO [2024-05-18 21:01:24] $filename
INFO [2024-05-18 21:01:24] NULL
INFO [2024-05-18 21:01:24] 
INFO [2024-05-18 21:01:24] $cex
INFO [2024-05-18 21:01:24] [1] 1
INFO [2024-05-18 21:01:24] 
INFO [2024-05-18 21:01:24] $lwd
INFO [2024-05-18 21:01:24] [1] 1
INFO [2024-05-18 21:01:24] 
INFO [2024-05-18 21:01:24] $margin
INFO [2024-05-18 21:01:24] [1] 0.1
INFO [2024-05-18 21:01:24] 
INFO [2024-05-18 21:01:24] $label.col
INFO [2024-05-18 21:01:24] [1] "black"
INFO [2024-05-18 21:01:24] 
INFO [2024-05-18 21:01:24] $fill
INFO [2024-05-18 21:01:24] colors
INFO [2024-05-18 21:01:24] 
INFO [2024-05-18 21:01:24] $cat.dist
INFO [2024-05-18 21:01:24] rep(0.1, length(names(all.single.tool)))
INFO [2024-05-18 21:01:24] 
