INFO [2024-05-18 07:13:06] $x
INFO [2024-05-18 07:13:06] all.single.tool
INFO [2024-05-18 07:13:06] 
INFO [2024-05-18 07:13:06] $filename
INFO [2024-05-18 07:13:06] NULL
INFO [2024-05-18 07:13:06] 
INFO [2024-05-18 07:13:06] $main
INFO [2024-05-18 07:13:06] paste0(tissue, "( #jxns = ", n_jxns, " )")
INFO [2024-05-18 07:13:06] 
INFO [2024-05-18 07:13:06] $main.pos
INFO [2024-05-18 07:13:06] c(0.5, 0.1)
INFO [2024-05-18 07:13:06] 
INFO [2024-05-18 07:13:06] $cex
INFO [2024-05-18 07:13:06] [1] 1
INFO [2024-05-18 07:13:06] 
INFO [2024-05-18 07:13:06] $lwd
INFO [2024-05-18 07:13:06] [1] 1
INFO [2024-05-18 07:13:06] 
INFO [2024-05-18 07:13:06] $margin
INFO [2024-05-18 07:13:06] [1] 0.1
INFO [2024-05-18 07:13:06] 
INFO [2024-05-18 07:13:06] $label.col
INFO [2024-05-18 07:13:06] [1] "black"
INFO [2024-05-18 07:13:06] 
INFO [2024-05-18 07:13:06] $cat.pos
INFO [2024-05-18 07:13:06] c(0, 0, 180, 180)
INFO [2024-05-18 07:13:06] 
INFO [2024-05-18 07:13:06] [[10]]
INFO [2024-05-18 07:13:06] 
INFO [2024-05-18 07:13:06] 
ERROR [2024-05-18 07:13:06] Unexpected parameter length for "cat.pos"
