INFO [2024-05-18 19:43:46] $x
INFO [2024-05-18 19:43:46] all.single.tool
INFO [2024-05-18 19:43:46] 
INFO [2024-05-18 19:43:46] $filename
INFO [2024-05-18 19:43:46] NULL
INFO [2024-05-18 19:43:46] 
INFO [2024-05-18 19:43:46] $cex
INFO [2024-05-18 19:43:46] [1] 1
INFO [2024-05-18 19:43:46] 
INFO [2024-05-18 19:43:46] $lwd
INFO [2024-05-18 19:43:46] [1] 1
INFO [2024-05-18 19:43:46] 
INFO [2024-05-18 19:43:46] $margin
INFO [2024-05-18 19:43:46] [1] 0.1
INFO [2024-05-18 19:43:46] 
INFO [2024-05-18 19:43:46] $label.col
INFO [2024-05-18 19:43:46] [1] "black"
INFO [2024-05-18 19:43:46] 
INFO [2024-05-18 19:43:46] $fill
INFO [2024-05-18 19:43:46] colors
INFO [2024-05-18 19:43:46] 
INFO [2024-05-18 19:43:46] $cat.dist
INFO [2024-05-18 19:43:46] rep(0.1, length(names(all.single.tool)))
INFO [2024-05-18 19:43:46] 
