INFO [2024-05-18 07:21:58] $x
INFO [2024-05-18 07:21:58] all.single.tool
INFO [2024-05-18 07:21:58] 
INFO [2024-05-18 07:21:58] $filename
INFO [2024-05-18 07:21:58] NULL
INFO [2024-05-18 07:21:58] 
INFO [2024-05-18 07:21:58] $cex
INFO [2024-05-18 07:21:58] [1] 1
INFO [2024-05-18 07:21:58] 
INFO [2024-05-18 07:21:58] $lwd
INFO [2024-05-18 07:21:58] [1] 1
INFO [2024-05-18 07:21:58] 
INFO [2024-05-18 07:21:58] $margin
INFO [2024-05-18 07:21:58] [1] 0.1
INFO [2024-05-18 07:21:58] 
INFO [2024-05-18 07:21:58] $label.col
INFO [2024-05-18 07:21:58] [1] "black"
INFO [2024-05-18 07:21:58] 
INFO [2024-05-18 07:21:58] $fill
INFO [2024-05-18 07:21:58] col
INFO [2024-05-18 07:21:58] 
INFO [2024-05-18 07:21:58] [[8]]
INFO [2024-05-18 07:21:58] 
INFO [2024-05-18 07:21:58] 
