INFO [2024-05-18 07:03:30] $x
INFO [2024-05-18 07:03:30] all.single.tool
INFO [2024-05-18 07:03:30] 
INFO [2024-05-18 07:03:30] $filename
INFO [2024-05-18 07:03:30] NULL
INFO [2024-05-18 07:03:30] 
INFO [2024-05-18 07:03:30] $main
INFO [2024-05-18 07:03:30] paste0(tissue, "( #jxns = ", n_jxns, " )")
INFO [2024-05-18 07:03:30] 
INFO [2024-05-18 07:03:30] $main.pos
INFO [2024-05-18 07:03:30] c(0.5, 1.05)
INFO [2024-05-18 07:03:30] 
INFO [2024-05-18 07:03:30] $cex
INFO [2024-05-18 07:03:30] [1] 1
INFO [2024-05-18 07:03:30] 
INFO [2024-05-18 07:03:30] $lwd
INFO [2024-05-18 07:03:30] [1] 1
INFO [2024-05-18 07:03:30] 
INFO [2024-05-18 07:03:30] $margin
INFO [2024-05-18 07:03:30] [1] 0.1
INFO [2024-05-18 07:03:30] 
INFO [2024-05-18 07:03:30] $label.col
INFO [2024-05-18 07:03:30] [1] "black"
INFO [2024-05-18 07:03:30] 
INFO [2024-05-18 07:03:30] [[9]]
INFO [2024-05-18 07:03:30] 
INFO [2024-05-18 07:03:30] 
