INFO [2024-05-18 07:13:43] $x
INFO [2024-05-18 07:13:43] all.single.tool
INFO [2024-05-18 07:13:43] 
INFO [2024-05-18 07:13:43] $filename
INFO [2024-05-18 07:13:43] NULL
INFO [2024-05-18 07:13:43] 
INFO [2024-05-18 07:13:43] $main
INFO [2024-05-18 07:13:43] paste0(tissue, "( #jxns = ", n_jxns, " )")
INFO [2024-05-18 07:13:43] 
INFO [2024-05-18 07:13:43] $main.pos
INFO [2024-05-18 07:13:43] c(0.5, 0.1)
INFO [2024-05-18 07:13:43] 
INFO [2024-05-18 07:13:43] $cex
INFO [2024-05-18 07:13:43] [1] 1
INFO [2024-05-18 07:13:43] 
INFO [2024-05-18 07:13:43] $lwd
INFO [2024-05-18 07:13:43] [1] 1
INFO [2024-05-18 07:13:43] 
INFO [2024-05-18 07:13:43] $margin
INFO [2024-05-18 07:13:43] [1] 0.1
INFO [2024-05-18 07:13:43] 
INFO [2024-05-18 07:13:43] $label.col
INFO [2024-05-18 07:13:43] [1] "black"
INFO [2024-05-18 07:13:43] 
INFO [2024-05-18 07:13:43] [[9]]
INFO [2024-05-18 07:13:43] 
INFO [2024-05-18 07:13:43] 
