INFO [2024-05-18 07:09:09] $x
INFO [2024-05-18 07:09:09] all.single.tool
INFO [2024-05-18 07:09:09] 
INFO [2024-05-18 07:09:09] $filename
INFO [2024-05-18 07:09:09] NULL
INFO [2024-05-18 07:09:09] 
INFO [2024-05-18 07:09:09] $main
INFO [2024-05-18 07:09:09] paste0(tissue, "( #jxns = ", n_jxns, " )")
INFO [2024-05-18 07:09:09] 
INFO [2024-05-18 07:09:09] $cex
INFO [2024-05-18 07:09:09] [1] 1
INFO [2024-05-18 07:09:09] 
INFO [2024-05-18 07:09:09] $lwd
INFO [2024-05-18 07:09:09] [1] 1
INFO [2024-05-18 07:09:09] 
INFO [2024-05-18 07:09:09] $margin
INFO [2024-05-18 07:09:09] [1] 0.1
INFO [2024-05-18 07:09:09] 
INFO [2024-05-18 07:09:09] $label.col
INFO [2024-05-18 07:09:09] [1] "black"
INFO [2024-05-18 07:09:09] 
INFO [2024-05-18 07:09:09] [[8]]
INFO [2024-05-18 07:09:09] 
INFO [2024-05-18 07:09:09] 
