INFO [2024-05-18 07:05:10] $x
INFO [2024-05-18 07:05:10] all.single.tool
INFO [2024-05-18 07:05:10] 
INFO [2024-05-18 07:05:10] $filename
INFO [2024-05-18 07:05:10] NULL
INFO [2024-05-18 07:05:10] 
INFO [2024-05-18 07:05:10] $main
INFO [2024-05-18 07:05:10] paste0(tissue, "( #jxns = ", n_jxns, " )")
INFO [2024-05-18 07:05:10] 
INFO [2024-05-18 07:05:10] $main.pos
INFO [2024-05-18 07:05:10] c(0.5, 1.05)
INFO [2024-05-18 07:05:10] 
INFO [2024-05-18 07:05:10] $cex
INFO [2024-05-18 07:05:10] [1] 1
INFO [2024-05-18 07:05:10] 
INFO [2024-05-18 07:05:10] $lwd
INFO [2024-05-18 07:05:10] [1] 1
INFO [2024-05-18 07:05:10] 
INFO [2024-05-18 07:05:10] $margin
INFO [2024-05-18 07:05:10] [1] 0.1
INFO [2024-05-18 07:05:10] 
INFO [2024-05-18 07:05:10] $label.col
INFO [2024-05-18 07:05:10] [1] "black"
INFO [2024-05-18 07:05:10] 
INFO [2024-05-18 07:05:10] [[9]]
INFO [2024-05-18 07:05:10] 
INFO [2024-05-18 07:05:10] 
